[debug] [2022-05-25T13:19:42.526Z] ----------------------------------------------------------------------
[debug] [2022-05-25T13:19:42.530Z] Command:       C:\Program Files\nodejs\node.exe C:\Users\Manuel Soares\AppData\Roaming\npm\node_modules\firebase-tools\lib\bin\firebase.js serve
[debug] [2022-05-25T13:19:42.532Z] CLI Version:   11.0.1
[debug] [2022-05-25T13:19:42.532Z] Platform:      win32
[debug] [2022-05-25T13:19:42.532Z] Node Version:  v16.15.0
[debug] [2022-05-25T13:19:42.534Z] Time:          Wed May 25 2022 14:19:42 GMT+0100 (Hora de verão da Europa Ocidental)
[debug] [2022-05-25T13:19:42.535Z] ----------------------------------------------------------------------
[debug] 
[debug] [2022-05-25T13:19:42.669Z] > command requires scopes: ["email","openid","https://www.googleapis.com/auth/cloudplatformprojects.readonly","https://www.googleapis.com/auth/firebase","https://www.googleapis.com/auth/cloud-platform"]
[debug] [2022-05-25T13:19:42.670Z] > authorizing via signed-in user (mc.soares@campus.fct.unl.pt)
[debug] [2022-05-25T13:19:42.670Z] [iam] checking project scmu-45836 for permissions ["firebase.projects.get"]
[debug] [2022-05-25T13:19:42.675Z] >>> [apiv2][query] POST https://cloudresourcemanager.googleapis.com/v1/projects/scmu-45836:testIamPermissions [none]
[debug] [2022-05-25T13:19:42.676Z] >>> [apiv2][body] POST https://cloudresourcemanager.googleapis.com/v1/projects/scmu-45836:testIamPermissions {"permissions":["firebase.projects.get"]}
[debug] [2022-05-25T13:19:43.623Z] <<< [apiv2][status] POST https://cloudresourcemanager.googleapis.com/v1/projects/scmu-45836:testIamPermissions 200
[debug] [2022-05-25T13:19:43.623Z] <<< [apiv2][body] POST https://cloudresourcemanager.googleapis.com/v1/projects/scmu-45836:testIamPermissions {"permissions":["firebase.projects.get"]}
[debug] [2022-05-25T13:19:43.628Z] >>> [apiv2][query] GET https://firebase.googleapis.com/v1beta1/projects/scmu-45836 [none]
[debug] [2022-05-25T13:19:44.028Z] <<< [apiv2][status] GET https://firebase.googleapis.com/v1beta1/projects/scmu-45836 200
[debug] [2022-05-25T13:19:44.029Z] <<< [apiv2][body] GET https://firebase.googleapis.com/v1beta1/projects/scmu-45836 {"projectId":"scmu-45836","projectNumber":"734168393141","displayName":"SCMU","name":"projects/scmu-45836","resources":{"hostingSite":"scmu-45836","realtimeDatabaseInstance":"scmu-45836-default-rtdb","storageBucket":"scmu-45836.appspot.com","locationId":"europe-west"},"state":"ACTIVE"}
[info] 
[info] === Serving from 'C:\Users\Manuel Soares\Documents\SCMU-proj\proj\SCMU-proj\API'...
[info] 
[info] +  functions: Using node@16 from host. {"metadata":{"emulator":{"name":"functions"},"message":"Using node@16 from host."}}
[debug] [2022-05-25T13:19:44.128Z] defaultcredentials: writing to file C:\Users\Manuel Soares\AppData\Roaming\firebase\mc_soares_campus.fct.unl.pt_application_default_credentials.json
[debug] [2022-05-25T13:19:44.133Z] Setting GAC to C:\Users\Manuel Soares\AppData\Roaming\firebase\mc_soares_campus.fct.unl.pt_application_default_credentials.json {"metadata":{"emulator":{"name":"functions"},"message":"Setting GAC to C:\\Users\\Manuel Soares\\AppData\\Roaming\\firebase\\mc_soares_campus.fct.unl.pt_application_default_credentials.json"}}
[debug] [2022-05-25T13:19:44.137Z] >>> [apiv2][query] GET https://firebase.googleapis.com/v1beta1/projects/scmu-45836/adminSdkConfig [none]
[debug] [2022-05-25T13:19:44.531Z] <<< [apiv2][status] GET https://firebase.googleapis.com/v1beta1/projects/scmu-45836/adminSdkConfig 200
[debug] [2022-05-25T13:19:44.532Z] <<< [apiv2][body] GET https://firebase.googleapis.com/v1beta1/projects/scmu-45836/adminSdkConfig {"projectId":"scmu-45836","databaseURL":"https://scmu-45836-default-rtdb.europe-west1.firebasedatabase.app","storageBucket":"scmu-45836.appspot.com","locationId":"europe-west"}
[info] i  functions: Watching "C:\Users\Manuel Soares\Documents\SCMU-proj\proj\SCMU-proj\API\functions" for Cloud Functions... {"metadata":{"emulator":{"name":"functions"},"message":"Watching \"C:\\Users\\Manuel Soares\\Documents\\SCMU-proj\\proj\\SCMU-proj\\API\\functions\" for Cloud Functions..."}}
[debug] [2022-05-25T13:19:44.595Z] Validating nodejs source
[debug] [2022-05-25T13:19:50.526Z] > [functions] package.json contents: {
  "name": "time-server-functions",
  "description": "A simple time server using HTTPS Cloud Function",
  "dependencies": {
    "cors": "^2.8.5",
    "moment": "^2.24.0",
    "firebase-admin": "^10.2.0",
    "firebase-functions": "^3.21.0"
  },
  "devDependencies": {
    "eslint": "^6.8.0",
    "eslint-plugin-promise": "^4.2.1"
  },
  "scripts": {
    "lint": "./node_modules/.bin/eslint --max-warnings=0 .",
    "serve": "firebase emulators:start --only functions",
    "shell": "firebase functions:shell",
    "start": "npm run shell",
    "deploy": "firebase deploy --only functions",
    "logs": "firebase functions:log",
    "compile": "cp ../../../tsconfig.template.json ./tsconfig-compile.json && tsc --project tsconfig-compile.json"
  },
  "engines": {
    "node": "16"
  },
  "private": true
}
[debug] [2022-05-25T13:19:50.526Z] Building nodejs source
[debug] [2022-05-25T13:19:50.527Z] Analyzing nodejs backend spec
[debug] [2022-05-25T13:19:50.531Z] Could not find functions.yaml. Must use http discovery
[debug] [2022-05-25T13:19:51.056Z] Serving at port 9005

[debug] [2022-05-25T13:19:51.499Z] Got response from /__/functions.yaml {"endpoints":{"POSTInfo":{"platform":"gcfv1","httpsTrigger":{},"entryPoint":"POSTInfo"},"GETSleep":{"platform":"gcfv1","httpsTrigger":{},"entryPoint":"GETSleep"}},"specVersion":"v1alpha1","requiredAPIs":[]}
[debug] [2022-05-25T13:19:51.512Z] shutdown requested via /__/quitquitquit

[info] +  functions[us-central1-POSTInfo]: http function initialized (http://localhost:5000/scmu-45836/us-central1/POSTInfo). {"metadata":{"emulator":{"name":"functions"},"message":"\u001b[1mhttp\u001b[22m function initialized (http://localhost:5000/scmu-45836/us-central1/POSTInfo)."}}
[info] +  functions[us-central1-GETSleep]: http function initialized (http://localhost:5000/scmu-45836/us-central1/GETSleep). {"metadata":{"emulator":{"name":"functions"},"message":"\u001b[1mhttp\u001b[22m function initialized (http://localhost:5000/scmu-45836/us-central1/GETSleep)."}}
[debug] [2022-05-25T13:22:54.386Z] [work-queue] {"queueLength":1,"workRunningCount":0}
[debug] [2022-05-25T13:22:54.387Z] [work-queue] {"queueLength":0,"workRunningCount":1}
[debug] [2022-05-25T13:22:54.388Z] Accepted request POST /scmu-45836/us-central1/POSTInfo --> us-central1-POSTInfo
[debug] [2022-05-25T13:22:54.405Z] [worker-pool] addWorker(us-central1-POSTInfo) {"metadata":{"emulator":{"name":"functions"},"message":"[worker-pool] addWorker(us-central1-POSTInfo)"}}
[debug] [2022-05-25T13:22:54.406Z] [worker-pool] Adding worker with key us-central1-POSTInfo, total=1 {"metadata":{"emulator":{"name":"functions"},"message":"[worker-pool] Adding worker with key us-central1-POSTInfo, total=1"}}
[debug] [2022-05-25T13:22:54.407Z] [worker-pool] submitWork(triggerId=us-central1-POSTInfo) {"metadata":{"emulator":{"name":"functions"},"message":"[worker-pool] submitWork(triggerId=us-central1-POSTInfo)"}}
[debug] [2022-05-25T13:22:54.408Z] [worker-us-central1-POSTInfo-5fea4ea8-15dd-455d-8446-baf664cee6cf]: Assigning socketPath: \\?\pipe\C:\Users\Manuel Soares\Documents\SCMU-proj\proj\SCMU-proj\API\functions\13816 {"metadata":{"emulator":{"name":"functions"},"message":"[worker-us-central1-POSTInfo-5fea4ea8-15dd-455d-8446-baf664cee6cf]: Assigning socketPath: \\\\?\\pipe\\C:\\Users\\Manuel Soares\\Documents\\SCMU-proj\\proj\\SCMU-proj\\API\\functions\\13816"}}
[debug] [2022-05-25T13:22:54.408Z] [worker-us-central1-POSTInfo-5fea4ea8-15dd-455d-8446-baf664cee6cf]: BUSY {"metadata":{"emulator":{"name":"functions"},"message":"[worker-us-central1-POSTInfo-5fea4ea8-15dd-455d-8446-baf664cee6cf]: BUSY"}}
[debug] [2022-05-25T13:22:58.649Z] [runtime-status] [13816] Functions runtime initialized. {"cwd":"C:\\Users\\Manuel Soares\\Documents\\SCMU-proj\\proj\\SCMU-proj\\API\\functions","node_version":"16.15.0"} {"metadata":{"emulator":{"name":"functions"},"function":{"name":"us-central1-POSTInfo"},"extension":{},"message":"[runtime-status] [13816] Functions runtime initialized. {\"cwd\":\"C:\\\\Users\\\\Manuel Soares\\\\Documents\\\\SCMU-proj\\\\proj\\\\SCMU-proj\\\\API\\\\functions\",\"node_version\":\"16.15.0\"}"}}
[debug] [2022-05-25T13:22:58.655Z] [runtime-status] [13816] Disabled runtime features: undefined {"metadata":{"emulator":{"name":"functions"},"function":{"name":"us-central1-POSTInfo"},"extension":{},"message":"[runtime-status] [13816] Disabled runtime features: undefined"}}
[debug] [2022-05-25T13:22:58.663Z] [runtime-status] [13816] Resolved module firebase-admin {"declared":true,"installed":true,"version":"10.2.0","resolution":"C:\\Users\\Manuel Soares\\Documents\\SCMU-proj\\proj\\SCMU-proj\\API\\functions\\node_modules\\firebase-admin\\lib\\index.js"} {"metadata":{"emulator":{"name":"functions"},"function":{"name":"us-central1-POSTInfo"},"extension":{},"message":"[runtime-status] [13816] Resolved module firebase-admin {\"declared\":true,\"installed\":true,\"version\":\"10.2.0\",\"resolution\":\"C:\\\\Users\\\\Manuel Soares\\\\Documents\\\\SCMU-proj\\\\proj\\\\SCMU-proj\\\\API\\\\functions\\\\node_modules\\\\firebase-admin\\\\lib\\\\index.js\"}"}}
[debug] [2022-05-25T13:22:58.667Z] [runtime-status] [13816] Resolved module firebase-functions {"declared":true,"installed":true,"version":"3.21.2","resolution":"C:\\Users\\Manuel Soares\\Documents\\SCMU-proj\\proj\\SCMU-proj\\API\\functions\\node_modules\\firebase-functions\\lib\\index.js"} {"metadata":{"emulator":{"name":"functions"},"function":{"name":"us-central1-POSTInfo"},"extension":{},"message":"[runtime-status] [13816] Resolved module firebase-functions {\"declared\":true,\"installed\":true,\"version\":\"3.21.2\",\"resolution\":\"C:\\\\Users\\\\Manuel Soares\\\\Documents\\\\SCMU-proj\\\\proj\\\\SCMU-proj\\\\API\\\\functions\\\\node_modules\\\\firebase-functions\\\\lib\\\\index.js\"}"}}
[debug] [2022-05-25T13:22:58.668Z] [runtime-status] [13816] Outgoing network have been stubbed. [{"name":"http","status":"mocked"},{"name":"http","status":"mocked"},{"name":"https","status":"mocked"},{"name":"https","status":"mocked"},{"name":"net","status":"mocked"}] {"metadata":{"emulator":{"name":"functions"},"function":{"name":"us-central1-POSTInfo"},"extension":{},"message":"[runtime-status] [13816] Outgoing network have been stubbed. [{\"name\":\"http\",\"status\":\"mocked\"},{\"name\":\"http\",\"status\":\"mocked\"},{\"name\":\"https\",\"status\":\"mocked\"},{\"name\":\"https\",\"status\":\"mocked\"},{\"name\":\"net\",\"status\":\"mocked\"}]"}}
[debug] [2022-05-25T13:22:58.671Z] [runtime-status] [13816] Resolved module firebase-functions {"declared":true,"installed":true,"version":"3.21.2","resolution":"C:\\Users\\Manuel Soares\\Documents\\SCMU-proj\\proj\\SCMU-proj\\API\\functions\\node_modules\\firebase-functions\\lib\\index.js"} {"metadata":{"emulator":{"name":"functions"},"function":{"name":"us-central1-POSTInfo"},"extension":{},"message":"[runtime-status] [13816] Resolved module firebase-functions {\"declared\":true,\"installed\":true,\"version\":\"3.21.2\",\"resolution\":\"C:\\\\Users\\\\Manuel Soares\\\\Documents\\\\SCMU-proj\\\\proj\\\\SCMU-proj\\\\API\\\\functions\\\\node_modules\\\\firebase-functions\\\\lib\\\\index.js\"}"}}
[debug] [2022-05-25T13:22:58.804Z] [runtime-status] [13816] Checked functions.config() {"config":{}} {"metadata":{"emulator":{"name":"functions"},"function":{"name":"us-central1-POSTInfo"},"extension":{},"message":"[runtime-status] [13816] Checked functions.config() {\"config\":{}}"}}
[debug] [2022-05-25T13:22:58.805Z] [runtime-status] [13816] firebase-functions has been stubbed. {"functionsResolution":{"declared":true,"installed":true,"version":"3.21.2","resolution":"C:\\Users\\Manuel Soares\\Documents\\SCMU-proj\\proj\\SCMU-proj\\API\\functions\\node_modules\\firebase-functions\\lib\\index.js"}} {"metadata":{"emulator":{"name":"functions"},"function":{"name":"us-central1-POSTInfo"},"extension":{},"message":"[runtime-status] [13816] firebase-functions has been stubbed. {\"functionsResolution\":{\"declared\":true,\"installed\":true,\"version\":\"3.21.2\",\"resolution\":\"C:\\\\Users\\\\Manuel Soares\\\\Documents\\\\SCMU-proj\\\\proj\\\\SCMU-proj\\\\API\\\\functions\\\\node_modules\\\\firebase-functions\\\\lib\\\\index.js\"}}"}}
[debug] [2022-05-25T13:22:58.808Z] [runtime-status] [13816] Resolved module firebase-functions {"declared":true,"installed":true,"version":"3.21.2","resolution":"C:\\Users\\Manuel Soares\\Documents\\SCMU-proj\\proj\\SCMU-proj\\API\\functions\\node_modules\\firebase-functions\\lib\\index.js"} {"metadata":{"emulator":{"name":"functions"},"function":{"name":"us-central1-POSTInfo"},"extension":{},"message":"[runtime-status] [13816] Resolved module firebase-functions {\"declared\":true,\"installed\":true,\"version\":\"3.21.2\",\"resolution\":\"C:\\\\Users\\\\Manuel Soares\\\\Documents\\\\SCMU-proj\\\\proj\\\\SCMU-proj\\\\API\\\\functions\\\\node_modules\\\\firebase-functions\\\\lib\\\\index.js\"}"}}
[debug] [2022-05-25T13:22:58.813Z] [runtime-status] [13816] Resolved module firebase-admin {"declared":true,"installed":true,"version":"10.2.0","resolution":"C:\\Users\\Manuel Soares\\Documents\\SCMU-proj\\proj\\SCMU-proj\\API\\functions\\node_modules\\firebase-admin\\lib\\index.js"} {"metadata":{"emulator":{"name":"functions"},"function":{"name":"us-central1-POSTInfo"},"extension":{},"message":"[runtime-status] [13816] Resolved module firebase-admin {\"declared\":true,\"installed\":true,\"version\":\"10.2.0\",\"resolution\":\"C:\\\\Users\\\\Manuel Soares\\\\Documents\\\\SCMU-proj\\\\proj\\\\SCMU-proj\\\\API\\\\functions\\\\node_modules\\\\firebase-admin\\\\lib\\\\index.js\"}"}}
[debug] [2022-05-25T13:22:58.815Z] [runtime-status] [13816] Resolved module firebase-functions {"declared":true,"installed":true,"version":"3.21.2","resolution":"C:\\Users\\Manuel Soares\\Documents\\SCMU-proj\\proj\\SCMU-proj\\API\\functions\\node_modules\\firebase-functions\\lib\\index.js"} {"metadata":{"emulator":{"name":"functions"},"function":{"name":"us-central1-POSTInfo"},"extension":{},"message":"[runtime-status] [13816] Resolved module firebase-functions {\"declared\":true,\"installed\":true,\"version\":\"3.21.2\",\"resolution\":\"C:\\\\Users\\\\Manuel Soares\\\\Documents\\\\SCMU-proj\\\\proj\\\\SCMU-proj\\\\API\\\\functions\\\\node_modules\\\\firebase-functions\\\\lib\\\\index.js\"}"}}
[debug] [2022-05-25T13:22:58.816Z] [runtime-status] [13816] firebase-admin has been stubbed. {"adminResolution":{"declared":true,"installed":true,"version":"10.2.0","resolution":"C:\\Users\\Manuel Soares\\Documents\\SCMU-proj\\proj\\SCMU-proj\\API\\functions\\node_modules\\firebase-admin\\lib\\index.js"}} {"metadata":{"emulator":{"name":"functions"},"function":{"name":"us-central1-POSTInfo"},"extension":{},"message":"[runtime-status] [13816] firebase-admin has been stubbed. {\"adminResolution\":{\"declared\":true,\"installed\":true,\"version\":\"10.2.0\",\"resolution\":\"C:\\\\Users\\\\Manuel Soares\\\\Documents\\\\SCMU-proj\\\\proj\\\\SCMU-proj\\\\API\\\\functions\\\\node_modules\\\\firebase-admin\\\\lib\\\\index.js\"}}"}}
[debug] [2022-05-25T13:22:59.124Z] [runtime-status] [13816] initializeApp(DEFAULT) {"storageBucket":"scmu-45836.appspot.com","databaseURL":"https://scmu-45836-default-rtdb.europe-west1.firebasedatabase.app","projectId":"scmu-45836"} {"metadata":{"emulator":{"name":"functions"},"function":{"name":"us-central1-POSTInfo"},"extension":{},"message":"[runtime-status] [13816] initializeApp(DEFAULT) {\"storageBucket\":\"scmu-45836.appspot.com\",\"databaseURL\":\"https://scmu-45836-default-rtdb.europe-west1.firebasedatabase.app\",\"projectId\":\"scmu-45836\"}"}}
[warn] !  functions: The Cloud Firestore emulator is not running, so calls to Firestore will affect production. {"metadata":{"emulator":{"name":"functions"},"function":{"name":"us-central1-POSTInfo"},"extension":{},"message":"The Cloud Firestore emulator is not running, so calls to Firestore will affect production."}}
[debug] [2022-05-25T13:22:59.493Z] [runtime-status] [13816] Beginning invocation function POSTInfo! {"metadata":{"emulator":{"name":"functions"},"function":{"name":"us-central1-POSTInfo"},"extension":{},"message":"[runtime-status] [13816] Beginning invocation function POSTInfo!"}}
[info] i  functions: Beginning execution of "POSTInfo" {"metadata":{"emulator":{"name":"functions"},"function":{"name":"us-central1-POSTInfo"},"extension":{},"message":"Beginning execution of \"POSTInfo\""}}
[debug] [2022-05-25T13:22:59.495Z] [runtime-status] [13816] Running POSTInfo in signature http {"metadata":{"emulator":{"name":"functions"},"function":{"name":"us-central1-POSTInfo"},"extension":{},"message":"[runtime-status] [13816] Running POSTInfo in signature http"}}
[debug] [2022-05-25T13:22:59.503Z] [runtime-status] [13816] Attempting to listen to socketPath: \\?\pipe\C:\Users\Manuel Soares\Documents\SCMU-proj\proj\SCMU-proj\API\functions\13816 {"metadata":{"emulator":{"name":"functions"},"function":{"name":"us-central1-POSTInfo"},"extension":{},"message":"[runtime-status] [13816] Attempting to listen to socketPath: \\\\?\\pipe\\C:\\Users\\Manuel Soares\\Documents\\SCMU-proj\\proj\\SCMU-proj\\API\\functions\\13816"}}
[debug] [2022-05-25T13:22:59.516Z] [functions] Runtime ready! Sending request! {"metadata":{"emulator":{"name":"functions"},"message":"[functions] Runtime ready! Sending request!"}}
[debug] [2022-05-25T13:22:59.519Z] [functions] Got req.url=/scmu-45836/us-central1/POSTInfo, mapping to path=/ {"metadata":{"emulator":{"name":"functions"},"message":"[functions] Got req.url=/scmu-45836/us-central1/POSTInfo, mapping to path=/"}}
[debug] [2022-05-25T13:22:59.584Z] [runtime-status] [13816] Ephemeral server handling POST request {"metadata":{"emulator":{"name":"functions"},"function":{"name":"us-central1-POSTInfo"},"extension":{},"message":"[runtime-status] [13816] Ephemeral server handling POST request"}}
[debug] [2022-05-25T13:22:59.602Z] [runtime-status] [13816] Ephemeral server survived. {"metadata":{"emulator":{"name":"functions"},"function":{"name":"us-central1-POSTInfo"},"extension":{},"message":"[runtime-status] [13816] Ephemeral server survived."}}
[info] i  functions: Finished "POSTInfo" in ~1s {"metadata":{"emulator":{"name":"functions"},"function":{"name":"us-central1-POSTInfo"},"extension":{},"message":"Finished \"POSTInfo\" in ~1s"}}
[debug] [2022-05-25T13:22:59.621Z] [worker-us-central1-POSTInfo-5fea4ea8-15dd-455d-8446-baf664cee6cf]: IDLE {"metadata":{"emulator":{"name":"functions"},"message":"[worker-us-central1-POSTInfo-5fea4ea8-15dd-455d-8446-baf664cee6cf]: IDLE"}}
[debug] [2022-05-25T13:22:59.622Z] [work-queue] {"queueLength":0,"workRunningCount":0}
[debug] [2022-05-25T14:43:06.357Z] File C:\Users\Manuel Soares\Documents\SCMU-proj\proj\SCMU-proj\API\functions\index.js changed, reloading triggers {"metadata":{"emulator":{"name":"functions"},"message":"File C:\\Users\\Manuel Soares\\Documents\\SCMU-proj\\proj\\SCMU-proj\\API\\functions\\index.js changed, reloading triggers"}}
[debug] [2022-05-25T14:43:07.373Z] [worker-pool] Shutting down IDLE worker (us-central1-POSTInfo) {"metadata":{"emulator":{"name":"functions"},"message":"[worker-pool] Shutting down IDLE worker (us-central1-POSTInfo)"}}
[debug] [2022-05-25T14:43:07.374Z] [worker-us-central1-POSTInfo-5fea4ea8-15dd-455d-8446-baf664cee6cf]: FINISHING {"metadata":{"emulator":{"name":"functions"},"message":"[worker-us-central1-POSTInfo-5fea4ea8-15dd-455d-8446-baf664cee6cf]: FINISHING"}}
[debug] [2022-05-25T14:43:07.382Z] Validating nodejs source
[debug] [2022-05-25T14:43:14.437Z] > [functions] package.json contents: {
  "name": "time-server-functions",
  "description": "A simple time server using HTTPS Cloud Function",
  "dependencies": {
    "cors": "^2.8.5",
    "moment": "^2.24.0",
    "firebase-admin": "^10.2.0",
    "firebase-functions": "^3.21.0"
  },
  "devDependencies": {
    "eslint": "^6.8.0",
    "eslint-plugin-promise": "^4.2.1"
  },
  "scripts": {
    "lint": "./node_modules/.bin/eslint --max-warnings=0 .",
    "serve": "firebase emulators:start --only functions",
    "shell": "firebase functions:shell",
    "start": "npm run shell",
    "deploy": "firebase deploy --only functions",
    "logs": "firebase functions:log",
    "compile": "cp ../../../tsconfig.template.json ./tsconfig-compile.json && tsc --project tsconfig-compile.json"
  },
  "engines": {
    "node": "16"
  },
  "private": true
}
[debug] [2022-05-25T14:43:14.438Z] Building nodejs source
[debug] [2022-05-25T14:43:14.439Z] Analyzing nodejs backend spec
[debug] [2022-05-25T14:43:14.441Z] Could not find functions.yaml. Must use http discovery
[debug] [2022-05-25T14:43:14.504Z] [worker-us-central1-POSTInfo-5fea4ea8-15dd-455d-8446-baf664cee6cf]: exited {"metadata":{"emulator":{"name":"functions"},"message":"[worker-us-central1-POSTInfo-5fea4ea8-15dd-455d-8446-baf664cee6cf]: exited"}}
[debug] [2022-05-25T14:43:14.505Z] [worker-us-central1-POSTInfo-5fea4ea8-15dd-455d-8446-baf664cee6cf]: FINISHED {"metadata":{"emulator":{"name":"functions"},"message":"[worker-us-central1-POSTInfo-5fea4ea8-15dd-455d-8446-baf664cee6cf]: FINISHED"}}
[debug] [2022-05-25T14:43:14.517Z] [work-queue] {"queueLength":1,"workRunningCount":0}
[debug] [2022-05-25T14:43:14.518Z] [work-queue] {"queueLength":0,"workRunningCount":1}
[debug] [2022-05-25T14:43:14.518Z] Accepted request POST /scmu-45836/us-central1/POSTInfo --> us-central1-POSTInfo
[debug] [2022-05-25T14:43:14.519Z] [worker-pool] Cleaned up workers for us-central1-POSTInfo: 1 --> 0 {"metadata":{"emulator":{"name":"functions"},"message":"[worker-pool] Cleaned up workers for us-central1-POSTInfo: 1 --> 0"}}
[debug] [2022-05-25T14:43:14.546Z] [worker-pool] addWorker(us-central1-POSTInfo) {"metadata":{"emulator":{"name":"functions"},"message":"[worker-pool] addWorker(us-central1-POSTInfo)"}}
[debug] [2022-05-25T14:43:14.547Z] [worker-pool] Adding worker with key us-central1-POSTInfo, total=1 {"metadata":{"emulator":{"name":"functions"},"message":"[worker-pool] Adding worker with key us-central1-POSTInfo, total=1"}}
[debug] [2022-05-25T14:43:14.547Z] [worker-pool] submitWork(triggerId=us-central1-POSTInfo) {"metadata":{"emulator":{"name":"functions"},"message":"[worker-pool] submitWork(triggerId=us-central1-POSTInfo)"}}
[debug] [2022-05-25T14:43:14.548Z] [worker-us-central1-POSTInfo-e3adc6a2-2e95-4c39-a0a4-f2cf8b41b1ab]: Assigning socketPath: \\?\pipe\C:\Users\Manuel Soares\Documents\SCMU-proj\proj\SCMU-proj\API\functions\10268 {"metadata":{"emulator":{"name":"functions"},"message":"[worker-us-central1-POSTInfo-e3adc6a2-2e95-4c39-a0a4-f2cf8b41b1ab]: Assigning socketPath: \\\\?\\pipe\\C:\\Users\\Manuel Soares\\Documents\\SCMU-proj\\proj\\SCMU-proj\\API\\functions\\10268"}}
[debug] [2022-05-25T14:43:14.549Z] [worker-us-central1-POSTInfo-e3adc6a2-2e95-4c39-a0a4-f2cf8b41b1ab]: BUSY {"metadata":{"emulator":{"name":"functions"},"message":"[worker-us-central1-POSTInfo-e3adc6a2-2e95-4c39-a0a4-f2cf8b41b1ab]: BUSY"}}
[debug] [2022-05-25T14:43:15.230Z] Serving at port 9005

[debug] [2022-05-25T14:43:15.843Z] Got response from /__/functions.yaml {"endpoints":{"POSTInfo":{"platform":"gcfv1","httpsTrigger":{},"entryPoint":"POSTInfo"},"GETSleep":{"platform":"gcfv1","httpsTrigger":{},"entryPoint":"GETSleep"}},"specVersion":"v1alpha1","requiredAPIs":[]}
[debug] [2022-05-25T14:43:15.854Z] shutdown requested via /__/quitquitquit

[debug] [2022-05-25T14:43:18.643Z] [runtime-status] [10268] Functions runtime initialized. {"cwd":"C:\\Users\\Manuel Soares\\Documents\\SCMU-proj\\proj\\SCMU-proj\\API\\functions","node_version":"16.15.0"} {"metadata":{"emulator":{"name":"functions"},"function":{"name":"us-central1-POSTInfo"},"extension":{},"message":"[runtime-status] [10268] Functions runtime initialized. {\"cwd\":\"C:\\\\Users\\\\Manuel Soares\\\\Documents\\\\SCMU-proj\\\\proj\\\\SCMU-proj\\\\API\\\\functions\",\"node_version\":\"16.15.0\"}"}}
[debug] [2022-05-25T14:43:18.648Z] [runtime-status] [10268] Disabled runtime features: undefined {"metadata":{"emulator":{"name":"functions"},"function":{"name":"us-central1-POSTInfo"},"extension":{},"message":"[runtime-status] [10268] Disabled runtime features: undefined"}}
[debug] [2022-05-25T14:43:18.658Z] [runtime-status] [10268] Resolved module firebase-admin {"declared":true,"installed":true,"version":"10.2.0","resolution":"C:\\Users\\Manuel Soares\\Documents\\SCMU-proj\\proj\\SCMU-proj\\API\\functions\\node_modules\\firebase-admin\\lib\\index.js"} {"metadata":{"emulator":{"name":"functions"},"function":{"name":"us-central1-POSTInfo"},"extension":{},"message":"[runtime-status] [10268] Resolved module firebase-admin {\"declared\":true,\"installed\":true,\"version\":\"10.2.0\",\"resolution\":\"C:\\\\Users\\\\Manuel Soares\\\\Documents\\\\SCMU-proj\\\\proj\\\\SCMU-proj\\\\API\\\\functions\\\\node_modules\\\\firebase-admin\\\\lib\\\\index.js\"}"}}
[debug] [2022-05-25T14:43:18.663Z] [runtime-status] [10268] Resolved module firebase-functions {"declared":true,"installed":true,"version":"3.21.2","resolution":"C:\\Users\\Manuel Soares\\Documents\\SCMU-proj\\proj\\SCMU-proj\\API\\functions\\node_modules\\firebase-functions\\lib\\index.js"} {"metadata":{"emulator":{"name":"functions"},"function":{"name":"us-central1-POSTInfo"},"extension":{},"message":"[runtime-status] [10268] Resolved module firebase-functions {\"declared\":true,\"installed\":true,\"version\":\"3.21.2\",\"resolution\":\"C:\\\\Users\\\\Manuel Soares\\\\Documents\\\\SCMU-proj\\\\proj\\\\SCMU-proj\\\\API\\\\functions\\\\node_modules\\\\firebase-functions\\\\lib\\\\index.js\"}"}}
[debug] [2022-05-25T14:43:18.664Z] [runtime-status] [10268] Outgoing network have been stubbed. [{"name":"http","status":"mocked"},{"name":"http","status":"mocked"},{"name":"https","status":"mocked"},{"name":"https","status":"mocked"},{"name":"net","status":"mocked"}] {"metadata":{"emulator":{"name":"functions"},"function":{"name":"us-central1-POSTInfo"},"extension":{},"message":"[runtime-status] [10268] Outgoing network have been stubbed. [{\"name\":\"http\",\"status\":\"mocked\"},{\"name\":\"http\",\"status\":\"mocked\"},{\"name\":\"https\",\"status\":\"mocked\"},{\"name\":\"https\",\"status\":\"mocked\"},{\"name\":\"net\",\"status\":\"mocked\"}]"}}
[debug] [2022-05-25T14:43:18.667Z] [runtime-status] [10268] Resolved module firebase-functions {"declared":true,"installed":true,"version":"3.21.2","resolution":"C:\\Users\\Manuel Soares\\Documents\\SCMU-proj\\proj\\SCMU-proj\\API\\functions\\node_modules\\firebase-functions\\lib\\index.js"} {"metadata":{"emulator":{"name":"functions"},"function":{"name":"us-central1-POSTInfo"},"extension":{},"message":"[runtime-status] [10268] Resolved module firebase-functions {\"declared\":true,\"installed\":true,\"version\":\"3.21.2\",\"resolution\":\"C:\\\\Users\\\\Manuel Soares\\\\Documents\\\\SCMU-proj\\\\proj\\\\SCMU-proj\\\\API\\\\functions\\\\node_modules\\\\firebase-functions\\\\lib\\\\index.js\"}"}}
[debug] [2022-05-25T14:43:18.807Z] [runtime-status] [10268] Checked functions.config() {"config":{}} {"metadata":{"emulator":{"name":"functions"},"function":{"name":"us-central1-POSTInfo"},"extension":{},"message":"[runtime-status] [10268] Checked functions.config() {\"config\":{}}"}}
[debug] [2022-05-25T14:43:18.808Z] [runtime-status] [10268] firebase-functions has been stubbed. {"functionsResolution":{"declared":true,"installed":true,"version":"3.21.2","resolution":"C:\\Users\\Manuel Soares\\Documents\\SCMU-proj\\proj\\SCMU-proj\\API\\functions\\node_modules\\firebase-functions\\lib\\index.js"}} {"metadata":{"emulator":{"name":"functions"},"function":{"name":"us-central1-POSTInfo"},"extension":{},"message":"[runtime-status] [10268] firebase-functions has been stubbed. {\"functionsResolution\":{\"declared\":true,\"installed\":true,\"version\":\"3.21.2\",\"resolution\":\"C:\\\\Users\\\\Manuel Soares\\\\Documents\\\\SCMU-proj\\\\proj\\\\SCMU-proj\\\\API\\\\functions\\\\node_modules\\\\firebase-functions\\\\lib\\\\index.js\"}}"}}
[debug] [2022-05-25T14:43:18.810Z] [runtime-status] [10268] Resolved module firebase-functions {"declared":true,"installed":true,"version":"3.21.2","resolution":"C:\\Users\\Manuel Soares\\Documents\\SCMU-proj\\proj\\SCMU-proj\\API\\functions\\node_modules\\firebase-functions\\lib\\index.js"} {"metadata":{"emulator":{"name":"functions"},"function":{"name":"us-central1-POSTInfo"},"extension":{},"message":"[runtime-status] [10268] Resolved module firebase-functions {\"declared\":true,\"installed\":true,\"version\":\"3.21.2\",\"resolution\":\"C:\\\\Users\\\\Manuel Soares\\\\Documents\\\\SCMU-proj\\\\proj\\\\SCMU-proj\\\\API\\\\functions\\\\node_modules\\\\firebase-functions\\\\lib\\\\index.js\"}"}}
[debug] [2022-05-25T14:43:18.814Z] [runtime-status] [10268] Resolved module firebase-admin {"declared":true,"installed":true,"version":"10.2.0","resolution":"C:\\Users\\Manuel Soares\\Documents\\SCMU-proj\\proj\\SCMU-proj\\API\\functions\\node_modules\\firebase-admin\\lib\\index.js"} {"metadata":{"emulator":{"name":"functions"},"function":{"name":"us-central1-POSTInfo"},"extension":{},"message":"[runtime-status] [10268] Resolved module firebase-admin {\"declared\":true,\"installed\":true,\"version\":\"10.2.0\",\"resolution\":\"C:\\\\Users\\\\Manuel Soares\\\\Documents\\\\SCMU-proj\\\\proj\\\\SCMU-proj\\\\API\\\\functions\\\\node_modules\\\\firebase-admin\\\\lib\\\\index.js\"}"}}
[debug] [2022-05-25T14:43:18.815Z] [runtime-status] [10268] Resolved module firebase-functions {"declared":true,"installed":true,"version":"3.21.2","resolution":"C:\\Users\\Manuel Soares\\Documents\\SCMU-proj\\proj\\SCMU-proj\\API\\functions\\node_modules\\firebase-functions\\lib\\index.js"} {"metadata":{"emulator":{"name":"functions"},"function":{"name":"us-central1-POSTInfo"},"extension":{},"message":"[runtime-status] [10268] Resolved module firebase-functions {\"declared\":true,\"installed\":true,\"version\":\"3.21.2\",\"resolution\":\"C:\\\\Users\\\\Manuel Soares\\\\Documents\\\\SCMU-proj\\\\proj\\\\SCMU-proj\\\\API\\\\functions\\\\node_modules\\\\firebase-functions\\\\lib\\\\index.js\"}"}}
[debug] [2022-05-25T14:43:18.816Z] [runtime-status] [10268] firebase-admin has been stubbed. {"adminResolution":{"declared":true,"installed":true,"version":"10.2.0","resolution":"C:\\Users\\Manuel Soares\\Documents\\SCMU-proj\\proj\\SCMU-proj\\API\\functions\\node_modules\\firebase-admin\\lib\\index.js"}} {"metadata":{"emulator":{"name":"functions"},"function":{"name":"us-central1-POSTInfo"},"extension":{},"message":"[runtime-status] [10268] firebase-admin has been stubbed. {\"adminResolution\":{\"declared\":true,\"installed\":true,\"version\":\"10.2.0\",\"resolution\":\"C:\\\\Users\\\\Manuel Soares\\\\Documents\\\\SCMU-proj\\\\proj\\\\SCMU-proj\\\\API\\\\functions\\\\node_modules\\\\firebase-admin\\\\lib\\\\index.js\"}}"}}
[debug] [2022-05-25T14:43:19.113Z] [runtime-status] [10268] initializeApp(DEFAULT) {"storageBucket":"scmu-45836.appspot.com","databaseURL":"https://scmu-45836-default-rtdb.europe-west1.firebasedatabase.app","projectId":"scmu-45836"} {"metadata":{"emulator":{"name":"functions"},"function":{"name":"us-central1-POSTInfo"},"extension":{},"message":"[runtime-status] [10268] initializeApp(DEFAULT) {\"storageBucket\":\"scmu-45836.appspot.com\",\"databaseURL\":\"https://scmu-45836-default-rtdb.europe-west1.firebasedatabase.app\",\"projectId\":\"scmu-45836\"}"}}
[debug] [2022-05-25T14:43:19.577Z] [runtime-status] [10268] Beginning invocation function POSTInfo! {"metadata":{"emulator":{"name":"functions"},"function":{"name":"us-central1-POSTInfo"},"extension":{},"message":"[runtime-status] [10268] Beginning invocation function POSTInfo!"}}
[info] i  functions: Beginning execution of "POSTInfo" {"metadata":{"emulator":{"name":"functions"},"function":{"name":"us-central1-POSTInfo"},"extension":{},"message":"Beginning execution of \"POSTInfo\""}}
[debug] [2022-05-25T14:43:19.578Z] [runtime-status] [10268] Running POSTInfo in signature http {"metadata":{"emulator":{"name":"functions"},"function":{"name":"us-central1-POSTInfo"},"extension":{},"message":"[runtime-status] [10268] Running POSTInfo in signature http"}}
[debug] [2022-05-25T14:43:19.585Z] [runtime-status] [10268] Attempting to listen to socketPath: \\?\pipe\C:\Users\Manuel Soares\Documents\SCMU-proj\proj\SCMU-proj\API\functions\10268 {"metadata":{"emulator":{"name":"functions"},"function":{"name":"us-central1-POSTInfo"},"extension":{},"message":"[runtime-status] [10268] Attempting to listen to socketPath: \\\\?\\pipe\\C:\\Users\\Manuel Soares\\Documents\\SCMU-proj\\proj\\SCMU-proj\\API\\functions\\10268"}}
[debug] [2022-05-25T14:43:19.594Z] [functions] Runtime ready! Sending request! {"metadata":{"emulator":{"name":"functions"},"message":"[functions] Runtime ready! Sending request!"}}
[debug] [2022-05-25T14:43:19.595Z] [functions] Got req.url=/scmu-45836/us-central1/POSTInfo, mapping to path=/ {"metadata":{"emulator":{"name":"functions"},"message":"[functions] Got req.url=/scmu-45836/us-central1/POSTInfo, mapping to path=/"}}
[debug] [2022-05-25T14:43:19.641Z] [runtime-status] [10268] Ephemeral server handling POST request {"metadata":{"emulator":{"name":"functions"},"function":{"name":"us-central1-POSTInfo"},"extension":{},"message":"[runtime-status] [10268] Ephemeral server handling POST request"}}
[warn] !  Google API requested!
   - URL: "https://oauth2.googleapis.com/token"
   - Be careful, this may be a production service. {"metadata":{"emulator":{"name":"functions"},"function":{"name":"us-central1-POSTInfo"},"extension":{},"message":"Google API requested!\n   - URL: \"https://oauth2.googleapis.com/token\"\n   - Be careful, this may be a production service."}}
[info] >  QuerySnapshot { {"user":"QuerySnapshot {","metadata":{"emulator":{"name":"functions"},"function":{"name":"us-central1-POSTInfo"},"extension":{},"message":"\u001b[90m> \u001b[39m QuerySnapshot {"}}
[info] >    _query: Query { {"user":"  _query: Query {","metadata":{"emulator":{"name":"functions"},"function":{"name":"us-central1-POSTInfo"},"extension":{},"message":"\u001b[90m> \u001b[39m   _query: Query {"}}
[info] >      _firestore: Firestore { {"user":"    _firestore: Firestore {","metadata":{"emulator":{"name":"functions"},"function":{"name":"us-central1-POSTInfo"},"extension":{},"message":"\u001b[90m> \u001b[39m     _firestore: Firestore {"}}
[info] >        _settings: [Object], {"user":"      _settings: [Object],","metadata":{"emulator":{"name":"functions"},"function":{"name":"us-central1-POSTInfo"},"extension":{},"message":"\u001b[90m> \u001b[39m       _settings: [Object],"}}
[info] >        _settingsFrozen: true, {"user":"      _settingsFrozen: true,","metadata":{"emulator":{"name":"functions"},"function":{"name":"us-central1-POSTInfo"},"extension":{},"message":"\u001b[90m> \u001b[39m       _settingsFrozen: true,"}}
[info] >        _serializer: [Serializer], {"user":"      _serializer: [Serializer],","metadata":{"emulator":{"name":"functions"},"function":{"name":"us-central1-POSTInfo"},"extension":{},"message":"\u001b[90m> \u001b[39m       _serializer: [Serializer],"}}
[info] >        _projectId: 'scmu-45836', {"user":"      _projectId: 'scmu-45836',","metadata":{"emulator":{"name":"functions"},"function":{"name":"us-central1-POSTInfo"},"extension":{},"message":"\u001b[90m> \u001b[39m       _projectId: 'scmu-45836',"}}
[info] >        registeredListenersCount: 0, {"user":"      registeredListenersCount: 0,","metadata":{"emulator":{"name":"functions"},"function":{"name":"us-central1-POSTInfo"},"extension":{},"message":"\u001b[90m> \u001b[39m       registeredListenersCount: 0,"}}
[info] >        bulkWritersCount: 0, {"user":"      bulkWritersCount: 0,","metadata":{"emulator":{"name":"functions"},"function":{"name":"us-central1-POSTInfo"},"extension":{},"message":"\u001b[90m> \u001b[39m       bulkWritersCount: 0,"}}
[info] >        _backoffSettings: [Object], {"user":"      _backoffSettings: [Object],","metadata":{"emulator":{"name":"functions"},"function":{"name":"us-central1-POSTInfo"},"extension":{},"message":"\u001b[90m> \u001b[39m       _backoffSettings: [Object],"}}
[info] >        _clientPool: [ClientPool] {"user":"      _clientPool: [ClientPool]","metadata":{"emulator":{"name":"functions"},"function":{"name":"us-central1-POSTInfo"},"extension":{},"message":"\u001b[90m> \u001b[39m       _clientPool: [ClientPool]"}}
[info] >      }, {"user":"    },","metadata":{"emulator":{"name":"functions"},"function":{"name":"us-central1-POSTInfo"},"extension":{},"message":"\u001b[90m> \u001b[39m     },"}}
[info] >      _queryOptions: QueryOptions { {"user":"    _queryOptions: QueryOptions {","metadata":{"emulator":{"name":"functions"},"function":{"name":"us-central1-POSTInfo"},"extension":{},"message":"\u001b[90m> \u001b[39m     _queryOptions: QueryOptions {"}}
[info] >        parentPath: [ResourcePath], {"user":"      parentPath: [ResourcePath],","metadata":{"emulator":{"name":"functions"},"function":{"name":"us-central1-POSTInfo"},"extension":{},"message":"\u001b[90m> \u001b[39m       parentPath: [ResourcePath],"}}
[info] >        collectionId: 'sleepInfo', {"user":"      collectionId: 'sleepInfo',","metadata":{"emulator":{"name":"functions"},"function":{"name":"us-central1-POSTInfo"},"extension":{},"message":"\u001b[90m> \u001b[39m       collectionId: 'sleepInfo',"}}
[info] >        converter: [Object], {"user":"      converter: [Object],","metadata":{"emulator":{"name":"functions"},"function":{"name":"us-central1-POSTInfo"},"extension":{},"message":"\u001b[90m> \u001b[39m       converter: [Object],"}}
[info] >        allDescendants: false, {"user":"      allDescendants: false,","metadata":{"emulator":{"name":"functions"},"function":{"name":"us-central1-POSTInfo"},"extension":{},"message":"\u001b[90m> \u001b[39m       allDescendants: false,"}}
[info] >        fieldFilters: [Array], {"user":"      fieldFilters: [Array],","metadata":{"emulator":{"name":"functions"},"function":{"name":"us-central1-POSTInfo"},"extension":{},"message":"\u001b[90m> \u001b[39m       fieldFilters: [Array],"}}
[info] >        fieldOrders: [], {"user":"      fieldOrders: [],","metadata":{"emulator":{"name":"functions"},"function":{"name":"us-central1-POSTInfo"},"extension":{},"message":"\u001b[90m> \u001b[39m       fieldOrders: [],"}}
[info] >        startAt: undefined, {"user":"      startAt: undefined,","metadata":{"emulator":{"name":"functions"},"function":{"name":"us-central1-POSTInfo"},"extension":{},"message":"\u001b[90m> \u001b[39m       startAt: undefined,"}}
[info] >        endAt: undefined, {"user":"      endAt: undefined,","metadata":{"emulator":{"name":"functions"},"function":{"name":"us-central1-POSTInfo"},"extension":{},"message":"\u001b[90m> \u001b[39m       endAt: undefined,"}}
[info] >        limit: undefined, {"user":"      limit: undefined,","metadata":{"emulator":{"name":"functions"},"function":{"name":"us-central1-POSTInfo"},"extension":{},"message":"\u001b[90m> \u001b[39m       limit: undefined,"}}
[info] >        limitType: undefined, {"user":"      limitType: undefined,","metadata":{"emulator":{"name":"functions"},"function":{"name":"us-central1-POSTInfo"},"extension":{},"message":"\u001b[90m> \u001b[39m       limitType: undefined,"}}
[info] >        offset: undefined, {"user":"      offset: undefined,","metadata":{"emulator":{"name":"functions"},"function":{"name":"us-central1-POSTInfo"},"extension":{},"message":"\u001b[90m> \u001b[39m       offset: undefined,"}}
[info] >        projection: undefined, {"user":"      projection: undefined,","metadata":{"emulator":{"name":"functions"},"function":{"name":"us-central1-POSTInfo"},"extension":{},"message":"\u001b[90m> \u001b[39m       projection: undefined,"}}
[info] >        kindless: false, {"user":"      kindless: false,","metadata":{"emulator":{"name":"functions"},"function":{"name":"us-central1-POSTInfo"},"extension":{},"message":"\u001b[90m> \u001b[39m       kindless: false,"}}
[info] >        requireConsistency: true {"user":"      requireConsistency: true","metadata":{"emulator":{"name":"functions"},"function":{"name":"us-central1-POSTInfo"},"extension":{},"message":"\u001b[90m> \u001b[39m       requireConsistency: true"}}
[info] >      }, {"user":"    },","metadata":{"emulator":{"name":"functions"},"function":{"name":"us-central1-POSTInfo"},"extension":{},"message":"\u001b[90m> \u001b[39m     },"}}
[info] >      _serializer: Serializer { {"user":"    _serializer: Serializer {","metadata":{"emulator":{"name":"functions"},"function":{"name":"us-central1-POSTInfo"},"extension":{},"message":"\u001b[90m> \u001b[39m     _serializer: Serializer {"}}
[info] >        createReference: [Function (anonymous)], {"user":"      createReference: [Function (anonymous)],","metadata":{"emulator":{"name":"functions"},"function":{"name":"us-central1-POSTInfo"},"extension":{},"message":"\u001b[90m> \u001b[39m       createReference: [Function (anonymous)],"}}
[info] >        createInteger: [Function (anonymous)], {"user":"      createInteger: [Function (anonymous)],","metadata":{"emulator":{"name":"functions"},"function":{"name":"us-central1-POSTInfo"},"extension":{},"message":"\u001b[90m> \u001b[39m       createInteger: [Function (anonymous)],"}}
[info] >        allowUndefined: false {"user":"      allowUndefined: false","metadata":{"emulator":{"name":"functions"},"function":{"name":"us-central1-POSTInfo"},"extension":{},"message":"\u001b[90m> \u001b[39m       allowUndefined: false"}}
[info] >      }, {"user":"    },","metadata":{"emulator":{"name":"functions"},"function":{"name":"us-central1-POSTInfo"},"extension":{},"message":"\u001b[90m> \u001b[39m     },"}}
[info] >      _allowUndefined: false {"user":"    _allowUndefined: false","metadata":{"emulator":{"name":"functions"},"function":{"name":"us-central1-POSTInfo"},"extension":{},"message":"\u001b[90m> \u001b[39m     _allowUndefined: false"}}
[info] >    }, {"user":"  },","metadata":{"emulator":{"name":"functions"},"function":{"name":"us-central1-POSTInfo"},"extension":{},"message":"\u001b[90m> \u001b[39m   },"}}
[info] >    _readTime: Timestamp { _seconds: 1653489801, _nanoseconds: 318520000 }, {"user":"  _readTime: Timestamp { _seconds: 1653489801, _nanoseconds: 318520000 },","metadata":{"emulator":{"name":"functions"},"function":{"name":"us-central1-POSTInfo"},"extension":{},"message":"\u001b[90m> \u001b[39m   _readTime: Timestamp { _seconds: 1653489801, _nanoseconds: 318520000 },"}}
[info] >    _size: 1, {"user":"  _size: 1,","metadata":{"emulator":{"name":"functions"},"function":{"name":"us-central1-POSTInfo"},"extension":{},"message":"\u001b[90m> \u001b[39m   _size: 1,"}}
[info] >    _materializedDocs: null, {"user":"  _materializedDocs: null,","metadata":{"emulator":{"name":"functions"},"function":{"name":"us-central1-POSTInfo"},"extension":{},"message":"\u001b[90m> \u001b[39m   _materializedDocs: null,"}}
[info] >    _materializedChanges: null, {"user":"  _materializedChanges: null,","metadata":{"emulator":{"name":"functions"},"function":{"name":"us-central1-POSTInfo"},"extension":{},"message":"\u001b[90m> \u001b[39m   _materializedChanges: null,"}}
[info] >    _docs: [Function (anonymous)], {"user":"  _docs: [Function (anonymous)],","metadata":{"emulator":{"name":"functions"},"function":{"name":"us-central1-POSTInfo"},"extension":{},"message":"\u001b[90m> \u001b[39m   _docs: [Function (anonymous)],"}}
[info] >    _changes: [Function (anonymous)] {"user":"  _changes: [Function (anonymous)]","metadata":{"emulator":{"name":"functions"},"function":{"name":"us-central1-POSTInfo"},"extension":{},"message":"\u001b[90m> \u001b[39m   _changes: [Function (anonymous)]"}}
[info] >  } {"user":"}","metadata":{"emulator":{"name":"functions"},"function":{"name":"us-central1-POSTInfo"},"extension":{},"message":"\u001b[90m> \u001b[39m }"}}
[info] >  24 - day {"user":"24 - day","metadata":{"emulator":{"name":"functions"},"function":{"name":"us-central1-POSTInfo"},"extension":{},"message":"\u001b[90m> \u001b[39m 24 - day"}}
[debug] [2022-05-25T14:43:21.267Z] [runtime-status] [10268] Ephemeral server survived. {"metadata":{"emulator":{"name":"functions"},"function":{"name":"us-central1-POSTInfo"},"extension":{},"message":"[runtime-status] [10268] Ephemeral server survived."}}
[info] i  functions: Finished "POSTInfo" in ~1s {"metadata":{"emulator":{"name":"functions"},"function":{"name":"us-central1-POSTInfo"},"extension":{},"message":"Finished \"POSTInfo\" in ~1s"}}
[debug] [2022-05-25T14:43:21.273Z] [worker-us-central1-POSTInfo-e3adc6a2-2e95-4c39-a0a4-f2cf8b41b1ab]: IDLE {"metadata":{"emulator":{"name":"functions"},"message":"[worker-us-central1-POSTInfo-e3adc6a2-2e95-4c39-a0a4-f2cf8b41b1ab]: IDLE"}}
[debug] [2022-05-25T14:43:21.274Z] [work-queue] {"queueLength":0,"workRunningCount":0}
[debug] [2022-05-25T14:45:40.635Z] File C:\Users\Manuel Soares\Documents\SCMU-proj\proj\SCMU-proj\API\functions\index.js changed, reloading triggers {"metadata":{"emulator":{"name":"functions"},"message":"File C:\\Users\\Manuel Soares\\Documents\\SCMU-proj\\proj\\SCMU-proj\\API\\functions\\index.js changed, reloading triggers"}}
[debug] [2022-05-25T14:45:41.651Z] [worker-pool] Shutting down IDLE worker (us-central1-POSTInfo) {"metadata":{"emulator":{"name":"functions"},"message":"[worker-pool] Shutting down IDLE worker (us-central1-POSTInfo)"}}
[debug] [2022-05-25T14:45:41.652Z] [worker-us-central1-POSTInfo-e3adc6a2-2e95-4c39-a0a4-f2cf8b41b1ab]: FINISHING {"metadata":{"emulator":{"name":"functions"},"message":"[worker-us-central1-POSTInfo-e3adc6a2-2e95-4c39-a0a4-f2cf8b41b1ab]: FINISHING"}}
[debug] [2022-05-25T14:45:41.660Z] Validating nodejs source
[debug] [2022-05-25T14:45:48.183Z] > [functions] package.json contents: {
  "name": "time-server-functions",
  "description": "A simple time server using HTTPS Cloud Function",
  "dependencies": {
    "cors": "^2.8.5",
    "moment": "^2.24.0",
    "firebase-admin": "^10.2.0",
    "firebase-functions": "^3.21.0"
  },
  "devDependencies": {
    "eslint": "^6.8.0",
    "eslint-plugin-promise": "^4.2.1"
  },
  "scripts": {
    "lint": "./node_modules/.bin/eslint --max-warnings=0 .",
    "serve": "firebase emulators:start --only functions",
    "shell": "firebase functions:shell",
    "start": "npm run shell",
    "deploy": "firebase deploy --only functions",
    "logs": "firebase functions:log",
    "compile": "cp ../../../tsconfig.template.json ./tsconfig-compile.json && tsc --project tsconfig-compile.json"
  },
  "engines": {
    "node": "16"
  },
  "private": true
}
[debug] [2022-05-25T14:45:48.184Z] Building nodejs source
[debug] [2022-05-25T14:45:48.184Z] Analyzing nodejs backend spec
[debug] [2022-05-25T14:45:48.185Z] [worker-us-central1-POSTInfo-e3adc6a2-2e95-4c39-a0a4-f2cf8b41b1ab]: exited {"metadata":{"emulator":{"name":"functions"},"message":"[worker-us-central1-POSTInfo-e3adc6a2-2e95-4c39-a0a4-f2cf8b41b1ab]: exited"}}
[debug] [2022-05-25T14:45:48.185Z] [worker-us-central1-POSTInfo-e3adc6a2-2e95-4c39-a0a4-f2cf8b41b1ab]: FINISHED {"metadata":{"emulator":{"name":"functions"},"message":"[worker-us-central1-POSTInfo-e3adc6a2-2e95-4c39-a0a4-f2cf8b41b1ab]: FINISHED"}}
[debug] [2022-05-25T14:45:48.187Z] [work-queue] {"queueLength":1,"workRunningCount":0}
[debug] [2022-05-25T14:45:48.187Z] [work-queue] {"queueLength":0,"workRunningCount":1}
[debug] [2022-05-25T14:45:48.188Z] Accepted request POST /scmu-45836/us-central1/POSTInfo --> us-central1-POSTInfo
[debug] [2022-05-25T14:45:48.188Z] [worker-pool] Cleaned up workers for us-central1-POSTInfo: 1 --> 0 {"metadata":{"emulator":{"name":"functions"},"message":"[worker-pool] Cleaned up workers for us-central1-POSTInfo: 1 --> 0"}}
[debug] [2022-05-25T14:45:48.197Z] [worker-pool] addWorker(us-central1-POSTInfo) {"metadata":{"emulator":{"name":"functions"},"message":"[worker-pool] addWorker(us-central1-POSTInfo)"}}
[debug] [2022-05-25T14:45:48.197Z] [worker-pool] Adding worker with key us-central1-POSTInfo, total=1 {"metadata":{"emulator":{"name":"functions"},"message":"[worker-pool] Adding worker with key us-central1-POSTInfo, total=1"}}
[debug] [2022-05-25T14:45:48.198Z] [worker-pool] submitWork(triggerId=us-central1-POSTInfo) {"metadata":{"emulator":{"name":"functions"},"message":"[worker-pool] submitWork(triggerId=us-central1-POSTInfo)"}}
[debug] [2022-05-25T14:45:48.198Z] [worker-us-central1-POSTInfo-1bd94afb-0f91-48fa-8cef-6783296a5afa]: Assigning socketPath: \\?\pipe\C:\Users\Manuel Soares\Documents\SCMU-proj\proj\SCMU-proj\API\functions\12492 {"metadata":{"emulator":{"name":"functions"},"message":"[worker-us-central1-POSTInfo-1bd94afb-0f91-48fa-8cef-6783296a5afa]: Assigning socketPath: \\\\?\\pipe\\C:\\Users\\Manuel Soares\\Documents\\SCMU-proj\\proj\\SCMU-proj\\API\\functions\\12492"}}
[debug] [2022-05-25T14:45:48.198Z] [worker-us-central1-POSTInfo-1bd94afb-0f91-48fa-8cef-6783296a5afa]: BUSY {"metadata":{"emulator":{"name":"functions"},"message":"[worker-us-central1-POSTInfo-1bd94afb-0f91-48fa-8cef-6783296a5afa]: BUSY"}}
[debug] [2022-05-25T14:45:48.199Z] Could not find functions.yaml. Must use http discovery
[debug] [2022-05-25T14:45:48.777Z] Serving at port 9005

[debug] [2022-05-25T14:45:49.335Z] Got response from /__/functions.yaml {"endpoints":{"POSTInfo":{"platform":"gcfv1","httpsTrigger":{},"entryPoint":"POSTInfo"},"GETSleep":{"platform":"gcfv1","httpsTrigger":{},"entryPoint":"GETSleep"}},"specVersion":"v1alpha1","requiredAPIs":[]}
[debug] [2022-05-25T14:45:49.349Z] shutdown requested via /__/quitquitquit

[debug] [2022-05-25T14:45:52.073Z] [runtime-status] [12492] Functions runtime initialized. {"cwd":"C:\\Users\\Manuel Soares\\Documents\\SCMU-proj\\proj\\SCMU-proj\\API\\functions","node_version":"16.15.0"} {"metadata":{"emulator":{"name":"functions"},"function":{"name":"us-central1-POSTInfo"},"extension":{},"message":"[runtime-status] [12492] Functions runtime initialized. {\"cwd\":\"C:\\\\Users\\\\Manuel Soares\\\\Documents\\\\SCMU-proj\\\\proj\\\\SCMU-proj\\\\API\\\\functions\",\"node_version\":\"16.15.0\"}"}}
[debug] [2022-05-25T14:45:52.077Z] [runtime-status] [12492] Disabled runtime features: undefined {"metadata":{"emulator":{"name":"functions"},"function":{"name":"us-central1-POSTInfo"},"extension":{},"message":"[runtime-status] [12492] Disabled runtime features: undefined"}}
[debug] [2022-05-25T14:45:52.083Z] [runtime-status] [12492] Resolved module firebase-admin {"declared":true,"installed":true,"version":"10.2.0","resolution":"C:\\Users\\Manuel Soares\\Documents\\SCMU-proj\\proj\\SCMU-proj\\API\\functions\\node_modules\\firebase-admin\\lib\\index.js"} {"metadata":{"emulator":{"name":"functions"},"function":{"name":"us-central1-POSTInfo"},"extension":{},"message":"[runtime-status] [12492] Resolved module firebase-admin {\"declared\":true,\"installed\":true,\"version\":\"10.2.0\",\"resolution\":\"C:\\\\Users\\\\Manuel Soares\\\\Documents\\\\SCMU-proj\\\\proj\\\\SCMU-proj\\\\API\\\\functions\\\\node_modules\\\\firebase-admin\\\\lib\\\\index.js\"}"}}
[debug] [2022-05-25T14:45:52.087Z] [runtime-status] [12492] Resolved module firebase-functions {"declared":true,"installed":true,"version":"3.21.2","resolution":"C:\\Users\\Manuel Soares\\Documents\\SCMU-proj\\proj\\SCMU-proj\\API\\functions\\node_modules\\firebase-functions\\lib\\index.js"} {"metadata":{"emulator":{"name":"functions"},"function":{"name":"us-central1-POSTInfo"},"extension":{},"message":"[runtime-status] [12492] Resolved module firebase-functions {\"declared\":true,\"installed\":true,\"version\":\"3.21.2\",\"resolution\":\"C:\\\\Users\\\\Manuel Soares\\\\Documents\\\\SCMU-proj\\\\proj\\\\SCMU-proj\\\\API\\\\functions\\\\node_modules\\\\firebase-functions\\\\lib\\\\index.js\"}"}}
[debug] [2022-05-25T14:45:52.088Z] [runtime-status] [12492] Outgoing network have been stubbed. [{"name":"http","status":"mocked"},{"name":"http","status":"mocked"},{"name":"https","status":"mocked"},{"name":"https","status":"mocked"},{"name":"net","status":"mocked"}] {"metadata":{"emulator":{"name":"functions"},"function":{"name":"us-central1-POSTInfo"},"extension":{},"message":"[runtime-status] [12492] Outgoing network have been stubbed. [{\"name\":\"http\",\"status\":\"mocked\"},{\"name\":\"http\",\"status\":\"mocked\"},{\"name\":\"https\",\"status\":\"mocked\"},{\"name\":\"https\",\"status\":\"mocked\"},{\"name\":\"net\",\"status\":\"mocked\"}]"}}
[debug] [2022-05-25T14:45:52.089Z] [runtime-status] [12492] Resolved module firebase-functions {"declared":true,"installed":true,"version":"3.21.2","resolution":"C:\\Users\\Manuel Soares\\Documents\\SCMU-proj\\proj\\SCMU-proj\\API\\functions\\node_modules\\firebase-functions\\lib\\index.js"} {"metadata":{"emulator":{"name":"functions"},"function":{"name":"us-central1-POSTInfo"},"extension":{},"message":"[runtime-status] [12492] Resolved module firebase-functions {\"declared\":true,\"installed\":true,\"version\":\"3.21.2\",\"resolution\":\"C:\\\\Users\\\\Manuel Soares\\\\Documents\\\\SCMU-proj\\\\proj\\\\SCMU-proj\\\\API\\\\functions\\\\node_modules\\\\firebase-functions\\\\lib\\\\index.js\"}"}}
[debug] [2022-05-25T14:45:52.206Z] [runtime-status] [12492] Checked functions.config() {"config":{}} {"metadata":{"emulator":{"name":"functions"},"function":{"name":"us-central1-POSTInfo"},"extension":{},"message":"[runtime-status] [12492] Checked functions.config() {\"config\":{}}"}}
[debug] [2022-05-25T14:45:52.206Z] [runtime-status] [12492] firebase-functions has been stubbed. {"functionsResolution":{"declared":true,"installed":true,"version":"3.21.2","resolution":"C:\\Users\\Manuel Soares\\Documents\\SCMU-proj\\proj\\SCMU-proj\\API\\functions\\node_modules\\firebase-functions\\lib\\index.js"}} {"metadata":{"emulator":{"name":"functions"},"function":{"name":"us-central1-POSTInfo"},"extension":{},"message":"[runtime-status] [12492] firebase-functions has been stubbed. {\"functionsResolution\":{\"declared\":true,\"installed\":true,\"version\":\"3.21.2\",\"resolution\":\"C:\\\\Users\\\\Manuel Soares\\\\Documents\\\\SCMU-proj\\\\proj\\\\SCMU-proj\\\\API\\\\functions\\\\node_modules\\\\firebase-functions\\\\lib\\\\index.js\"}}"}}
[debug] [2022-05-25T14:45:52.209Z] [runtime-status] [12492] Resolved module firebase-functions {"declared":true,"installed":true,"version":"3.21.2","resolution":"C:\\Users\\Manuel Soares\\Documents\\SCMU-proj\\proj\\SCMU-proj\\API\\functions\\node_modules\\firebase-functions\\lib\\index.js"} {"metadata":{"emulator":{"name":"functions"},"function":{"name":"us-central1-POSTInfo"},"extension":{},"message":"[runtime-status] [12492] Resolved module firebase-functions {\"declared\":true,\"installed\":true,\"version\":\"3.21.2\",\"resolution\":\"C:\\\\Users\\\\Manuel Soares\\\\Documents\\\\SCMU-proj\\\\proj\\\\SCMU-proj\\\\API\\\\functions\\\\node_modules\\\\firebase-functions\\\\lib\\\\index.js\"}"}}
[debug] [2022-05-25T14:45:52.212Z] [runtime-status] [12492] Resolved module firebase-admin {"declared":true,"installed":true,"version":"10.2.0","resolution":"C:\\Users\\Manuel Soares\\Documents\\SCMU-proj\\proj\\SCMU-proj\\API\\functions\\node_modules\\firebase-admin\\lib\\index.js"} {"metadata":{"emulator":{"name":"functions"},"function":{"name":"us-central1-POSTInfo"},"extension":{},"message":"[runtime-status] [12492] Resolved module firebase-admin {\"declared\":true,\"installed\":true,\"version\":\"10.2.0\",\"resolution\":\"C:\\\\Users\\\\Manuel Soares\\\\Documents\\\\SCMU-proj\\\\proj\\\\SCMU-proj\\\\API\\\\functions\\\\node_modules\\\\firebase-admin\\\\lib\\\\index.js\"}"}}
[debug] [2022-05-25T14:45:52.214Z] [runtime-status] [12492] Resolved module firebase-functions {"declared":true,"installed":true,"version":"3.21.2","resolution":"C:\\Users\\Manuel Soares\\Documents\\SCMU-proj\\proj\\SCMU-proj\\API\\functions\\node_modules\\firebase-functions\\lib\\index.js"} {"metadata":{"emulator":{"name":"functions"},"function":{"name":"us-central1-POSTInfo"},"extension":{},"message":"[runtime-status] [12492] Resolved module firebase-functions {\"declared\":true,\"installed\":true,\"version\":\"3.21.2\",\"resolution\":\"C:\\\\Users\\\\Manuel Soares\\\\Documents\\\\SCMU-proj\\\\proj\\\\SCMU-proj\\\\API\\\\functions\\\\node_modules\\\\firebase-functions\\\\lib\\\\index.js\"}"}}
[debug] [2022-05-25T14:45:52.214Z] [runtime-status] [12492] firebase-admin has been stubbed. {"adminResolution":{"declared":true,"installed":true,"version":"10.2.0","resolution":"C:\\Users\\Manuel Soares\\Documents\\SCMU-proj\\proj\\SCMU-proj\\API\\functions\\node_modules\\firebase-admin\\lib\\index.js"}} {"metadata":{"emulator":{"name":"functions"},"function":{"name":"us-central1-POSTInfo"},"extension":{},"message":"[runtime-status] [12492] firebase-admin has been stubbed. {\"adminResolution\":{\"declared\":true,\"installed\":true,\"version\":\"10.2.0\",\"resolution\":\"C:\\\\Users\\\\Manuel Soares\\\\Documents\\\\SCMU-proj\\\\proj\\\\SCMU-proj\\\\API\\\\functions\\\\node_modules\\\\firebase-admin\\\\lib\\\\index.js\"}}"}}
[debug] [2022-05-25T14:45:52.489Z] [runtime-status] [12492] initializeApp(DEFAULT) {"storageBucket":"scmu-45836.appspot.com","databaseURL":"https://scmu-45836-default-rtdb.europe-west1.firebasedatabase.app","projectId":"scmu-45836"} {"metadata":{"emulator":{"name":"functions"},"function":{"name":"us-central1-POSTInfo"},"extension":{},"message":"[runtime-status] [12492] initializeApp(DEFAULT) {\"storageBucket\":\"scmu-45836.appspot.com\",\"databaseURL\":\"https://scmu-45836-default-rtdb.europe-west1.firebasedatabase.app\",\"projectId\":\"scmu-45836\"}"}}
[debug] [2022-05-25T14:45:52.847Z] [runtime-status] [12492] Beginning invocation function POSTInfo! {"metadata":{"emulator":{"name":"functions"},"function":{"name":"us-central1-POSTInfo"},"extension":{},"message":"[runtime-status] [12492] Beginning invocation function POSTInfo!"}}
[info] i  functions: Beginning execution of "POSTInfo" {"metadata":{"emulator":{"name":"functions"},"function":{"name":"us-central1-POSTInfo"},"extension":{},"message":"Beginning execution of \"POSTInfo\""}}
[debug] [2022-05-25T14:45:52.850Z] [runtime-status] [12492] Running POSTInfo in signature http {"metadata":{"emulator":{"name":"functions"},"function":{"name":"us-central1-POSTInfo"},"extension":{},"message":"[runtime-status] [12492] Running POSTInfo in signature http"}}
[debug] [2022-05-25T14:45:52.870Z] [runtime-status] [12492] Attempting to listen to socketPath: \\?\pipe\C:\Users\Manuel Soares\Documents\SCMU-proj\proj\SCMU-proj\API\functions\12492 {"metadata":{"emulator":{"name":"functions"},"function":{"name":"us-central1-POSTInfo"},"extension":{},"message":"[runtime-status] [12492] Attempting to listen to socketPath: \\\\?\\pipe\\C:\\Users\\Manuel Soares\\Documents\\SCMU-proj\\proj\\SCMU-proj\\API\\functions\\12492"}}
[debug] [2022-05-25T14:45:52.889Z] [functions] Runtime ready! Sending request! {"metadata":{"emulator":{"name":"functions"},"message":"[functions] Runtime ready! Sending request!"}}
[debug] [2022-05-25T14:45:52.891Z] [functions] Got req.url=/scmu-45836/us-central1/POSTInfo, mapping to path=/ {"metadata":{"emulator":{"name":"functions"},"message":"[functions] Got req.url=/scmu-45836/us-central1/POSTInfo, mapping to path=/"}}
[debug] [2022-05-25T14:45:53.017Z] [runtime-status] [12492] Ephemeral server handling POST request {"metadata":{"emulator":{"name":"functions"},"function":{"name":"us-central1-POSTInfo"},"extension":{},"message":"[runtime-status] [12492] Ephemeral server handling POST request"}}
[warn] !  Google API requested!
   - URL: "https://oauth2.googleapis.com/token"
   - Be careful, this may be a production service. {"metadata":{"emulator":{"name":"functions"},"function":{"name":"us-central1-POSTInfo"},"extension":{},"message":"Google API requested!\n   - URL: \"https://oauth2.googleapis.com/token\"\n   - Be careful, this may be a production service."}}
[info] >  QuerySnapshot { {"user":"QuerySnapshot {","metadata":{"emulator":{"name":"functions"},"function":{"name":"us-central1-POSTInfo"},"extension":{},"message":"\u001b[90m> \u001b[39m QuerySnapshot {"}}
[info] >    _query: Query { {"user":"  _query: Query {","metadata":{"emulator":{"name":"functions"},"function":{"name":"us-central1-POSTInfo"},"extension":{},"message":"\u001b[90m> \u001b[39m   _query: Query {"}}
[info] >      _firestore: Firestore { {"user":"    _firestore: Firestore {","metadata":{"emulator":{"name":"functions"},"function":{"name":"us-central1-POSTInfo"},"extension":{},"message":"\u001b[90m> \u001b[39m     _firestore: Firestore {"}}
[info] >        _settings: [Object], {"user":"      _settings: [Object],","metadata":{"emulator":{"name":"functions"},"function":{"name":"us-central1-POSTInfo"},"extension":{},"message":"\u001b[90m> \u001b[39m       _settings: [Object],"}}
[info] >        _settingsFrozen: true, {"user":"      _settingsFrozen: true,","metadata":{"emulator":{"name":"functions"},"function":{"name":"us-central1-POSTInfo"},"extension":{},"message":"\u001b[90m> \u001b[39m       _settingsFrozen: true,"}}
[info] >        _serializer: [Serializer], {"user":"      _serializer: [Serializer],","metadata":{"emulator":{"name":"functions"},"function":{"name":"us-central1-POSTInfo"},"extension":{},"message":"\u001b[90m> \u001b[39m       _serializer: [Serializer],"}}
[info] >        _projectId: 'scmu-45836', {"user":"      _projectId: 'scmu-45836',","metadata":{"emulator":{"name":"functions"},"function":{"name":"us-central1-POSTInfo"},"extension":{},"message":"\u001b[90m> \u001b[39m       _projectId: 'scmu-45836',"}}
[info] >        registeredListenersCount: 0, {"user":"      registeredListenersCount: 0,","metadata":{"emulator":{"name":"functions"},"function":{"name":"us-central1-POSTInfo"},"extension":{},"message":"\u001b[90m> \u001b[39m       registeredListenersCount: 0,"}}
[info] >        bulkWritersCount: 0, {"user":"      bulkWritersCount: 0,","metadata":{"emulator":{"name":"functions"},"function":{"name":"us-central1-POSTInfo"},"extension":{},"message":"\u001b[90m> \u001b[39m       bulkWritersCount: 0,"}}
[info] >        _backoffSettings: [Object], {"user":"      _backoffSettings: [Object],","metadata":{"emulator":{"name":"functions"},"function":{"name":"us-central1-POSTInfo"},"extension":{},"message":"\u001b[90m> \u001b[39m       _backoffSettings: [Object],"}}
[info] >        _clientPool: [ClientPool] {"user":"      _clientPool: [ClientPool]","metadata":{"emulator":{"name":"functions"},"function":{"name":"us-central1-POSTInfo"},"extension":{},"message":"\u001b[90m> \u001b[39m       _clientPool: [ClientPool]"}}
[info] >      }, {"user":"    },","metadata":{"emulator":{"name":"functions"},"function":{"name":"us-central1-POSTInfo"},"extension":{},"message":"\u001b[90m> \u001b[39m     },"}}
[info] >      _queryOptions: QueryOptions { {"user":"    _queryOptions: QueryOptions {","metadata":{"emulator":{"name":"functions"},"function":{"name":"us-central1-POSTInfo"},"extension":{},"message":"\u001b[90m> \u001b[39m     _queryOptions: QueryOptions {"}}
[info] >        parentPath: [ResourcePath], {"user":"      parentPath: [ResourcePath],","metadata":{"emulator":{"name":"functions"},"function":{"name":"us-central1-POSTInfo"},"extension":{},"message":"\u001b[90m> \u001b[39m       parentPath: [ResourcePath],"}}
[info] >        collectionId: 'sleepInfo', {"user":"      collectionId: 'sleepInfo',","metadata":{"emulator":{"name":"functions"},"function":{"name":"us-central1-POSTInfo"},"extension":{},"message":"\u001b[90m> \u001b[39m       collectionId: 'sleepInfo',"}}
[info] >        converter: [Object], {"user":"      converter: [Object],","metadata":{"emulator":{"name":"functions"},"function":{"name":"us-central1-POSTInfo"},"extension":{},"message":"\u001b[90m> \u001b[39m       converter: [Object],"}}
[info] >        allDescendants: false, {"user":"      allDescendants: false,","metadata":{"emulator":{"name":"functions"},"function":{"name":"us-central1-POSTInfo"},"extension":{},"message":"\u001b[90m> \u001b[39m       allDescendants: false,"}}
[info] >        fieldFilters: [Array], {"user":"      fieldFilters: [Array],","metadata":{"emulator":{"name":"functions"},"function":{"name":"us-central1-POSTInfo"},"extension":{},"message":"\u001b[90m> \u001b[39m       fieldFilters: [Array],"}}
[info] >        fieldOrders: [], {"user":"      fieldOrders: [],","metadata":{"emulator":{"name":"functions"},"function":{"name":"us-central1-POSTInfo"},"extension":{},"message":"\u001b[90m> \u001b[39m       fieldOrders: [],"}}
[info] >        startAt: undefined, {"user":"      startAt: undefined,","metadata":{"emulator":{"name":"functions"},"function":{"name":"us-central1-POSTInfo"},"extension":{},"message":"\u001b[90m> \u001b[39m       startAt: undefined,"}}
[info] >        endAt: undefined, {"user":"      endAt: undefined,","metadata":{"emulator":{"name":"functions"},"function":{"name":"us-central1-POSTInfo"},"extension":{},"message":"\u001b[90m> \u001b[39m       endAt: undefined,"}}
[info] >        limit: undefined, {"user":"      limit: undefined,","metadata":{"emulator":{"name":"functions"},"function":{"name":"us-central1-POSTInfo"},"extension":{},"message":"\u001b[90m> \u001b[39m       limit: undefined,"}}
[info] >        limitType: undefined, {"user":"      limitType: undefined,","metadata":{"emulator":{"name":"functions"},"function":{"name":"us-central1-POSTInfo"},"extension":{},"message":"\u001b[90m> \u001b[39m       limitType: undefined,"}}
[info] >        offset: undefined, {"user":"      offset: undefined,","metadata":{"emulator":{"name":"functions"},"function":{"name":"us-central1-POSTInfo"},"extension":{},"message":"\u001b[90m> \u001b[39m       offset: undefined,"}}
[info] >        projection: undefined, {"user":"      projection: undefined,","metadata":{"emulator":{"name":"functions"},"function":{"name":"us-central1-POSTInfo"},"extension":{},"message":"\u001b[90m> \u001b[39m       projection: undefined,"}}
[info] >        kindless: false, {"user":"      kindless: false,","metadata":{"emulator":{"name":"functions"},"function":{"name":"us-central1-POSTInfo"},"extension":{},"message":"\u001b[90m> \u001b[39m       kindless: false,"}}
[info] >        requireConsistency: true {"user":"      requireConsistency: true","metadata":{"emulator":{"name":"functions"},"function":{"name":"us-central1-POSTInfo"},"extension":{},"message":"\u001b[90m> \u001b[39m       requireConsistency: true"}}
[info] >      }, {"user":"    },","metadata":{"emulator":{"name":"functions"},"function":{"name":"us-central1-POSTInfo"},"extension":{},"message":"\u001b[90m> \u001b[39m     },"}}
[info] >      _serializer: Serializer { {"user":"    _serializer: Serializer {","metadata":{"emulator":{"name":"functions"},"function":{"name":"us-central1-POSTInfo"},"extension":{},"message":"\u001b[90m> \u001b[39m     _serializer: Serializer {"}}
[info] >        createReference: [Function (anonymous)], {"user":"      createReference: [Function (anonymous)],","metadata":{"emulator":{"name":"functions"},"function":{"name":"us-central1-POSTInfo"},"extension":{},"message":"\u001b[90m> \u001b[39m       createReference: [Function (anonymous)],"}}
[info] >        createInteger: [Function (anonymous)], {"user":"      createInteger: [Function (anonymous)],","metadata":{"emulator":{"name":"functions"},"function":{"name":"us-central1-POSTInfo"},"extension":{},"message":"\u001b[90m> \u001b[39m       createInteger: [Function (anonymous)],"}}
[info] >        allowUndefined: false {"user":"      allowUndefined: false","metadata":{"emulator":{"name":"functions"},"function":{"name":"us-central1-POSTInfo"},"extension":{},"message":"\u001b[90m> \u001b[39m       allowUndefined: false"}}
[info] >      }, {"user":"    },","metadata":{"emulator":{"name":"functions"},"function":{"name":"us-central1-POSTInfo"},"extension":{},"message":"\u001b[90m> \u001b[39m     },"}}
[info] >      _allowUndefined: false {"user":"    _allowUndefined: false","metadata":{"emulator":{"name":"functions"},"function":{"name":"us-central1-POSTInfo"},"extension":{},"message":"\u001b[90m> \u001b[39m     _allowUndefined: false"}}
[info] >    }, {"user":"  },","metadata":{"emulator":{"name":"functions"},"function":{"name":"us-central1-POSTInfo"},"extension":{},"message":"\u001b[90m> \u001b[39m   },"}}
[info] >    _readTime: Timestamp { _seconds: 1653489954, _nanoseconds: 665643000 }, {"user":"  _readTime: Timestamp { _seconds: 1653489954, _nanoseconds: 665643000 },","metadata":{"emulator":{"name":"functions"},"function":{"name":"us-central1-POSTInfo"},"extension":{},"message":"\u001b[90m> \u001b[39m   _readTime: Timestamp { _seconds: 1653489954, _nanoseconds: 665643000 },"}}
[info] >    _size: 1, {"user":"  _size: 1,","metadata":{"emulator":{"name":"functions"},"function":{"name":"us-central1-POSTInfo"},"extension":{},"message":"\u001b[90m> \u001b[39m   _size: 1,"}}
[info] >    _materializedDocs: null, {"user":"  _materializedDocs: null,","metadata":{"emulator":{"name":"functions"},"function":{"name":"us-central1-POSTInfo"},"extension":{},"message":"\u001b[90m> \u001b[39m   _materializedDocs: null,"}}
[info] >    _materializedChanges: null, {"user":"  _materializedChanges: null,","metadata":{"emulator":{"name":"functions"},"function":{"name":"us-central1-POSTInfo"},"extension":{},"message":"\u001b[90m> \u001b[39m   _materializedChanges: null,"}}
[info] >    _docs: [Function (anonymous)], {"user":"  _docs: [Function (anonymous)],","metadata":{"emulator":{"name":"functions"},"function":{"name":"us-central1-POSTInfo"},"extension":{},"message":"\u001b[90m> \u001b[39m   _docs: [Function (anonymous)],"}}
[info] >    _changes: [Function (anonymous)] {"user":"  _changes: [Function (anonymous)]","metadata":{"emulator":{"name":"functions"},"function":{"name":"us-central1-POSTInfo"},"extension":{},"message":"\u001b[90m> \u001b[39m   _changes: [Function (anonymous)]"}}
[info] >  } {"user":"}","metadata":{"emulator":{"name":"functions"},"function":{"name":"us-central1-POSTInfo"},"extension":{},"message":"\u001b[90m> \u001b[39m }"}}
[info] >  24 - day {"user":"24 - day","metadata":{"emulator":{"name":"functions"},"function":{"name":"us-central1-POSTInfo"},"extension":{},"message":"\u001b[90m> \u001b[39m 24 - day"}}
[info] i  functions: Finished "POSTInfo" in ~1s {"metadata":{"emulator":{"name":"functions"},"function":{"name":"us-central1-POSTInfo"},"extension":{},"message":"Finished \"POSTInfo\" in ~1s"}}
[debug] [2022-05-25T14:45:54.594Z] [worker-us-central1-POSTInfo-1bd94afb-0f91-48fa-8cef-6783296a5afa]: IDLE {"metadata":{"emulator":{"name":"functions"},"message":"[worker-us-central1-POSTInfo-1bd94afb-0f91-48fa-8cef-6783296a5afa]: IDLE"}}
[debug] [2022-05-25T14:45:54.595Z] [work-queue] {"queueLength":0,"workRunningCount":0}
[debug] [2022-05-25T14:45:54.644Z] [runtime-status] [12492] Ephemeral server survived. {"metadata":{"emulator":{"name":"functions"},"function":{"name":"us-central1-POSTInfo"},"extension":{},"message":"[runtime-status] [12492] Ephemeral server survived."}}
[debug] [2022-05-25T14:46:13.856Z] File C:\Users\Manuel Soares\Documents\SCMU-proj\proj\SCMU-proj\API\functions\index.js changed, reloading triggers {"metadata":{"emulator":{"name":"functions"},"message":"File C:\\Users\\Manuel Soares\\Documents\\SCMU-proj\\proj\\SCMU-proj\\API\\functions\\index.js changed, reloading triggers"}}
[debug] [2022-05-25T14:46:14.866Z] [worker-pool] Shutting down IDLE worker (us-central1-POSTInfo) {"metadata":{"emulator":{"name":"functions"},"message":"[worker-pool] Shutting down IDLE worker (us-central1-POSTInfo)"}}
[debug] [2022-05-25T14:46:14.867Z] [worker-us-central1-POSTInfo-1bd94afb-0f91-48fa-8cef-6783296a5afa]: FINISHING {"metadata":{"emulator":{"name":"functions"},"message":"[worker-us-central1-POSTInfo-1bd94afb-0f91-48fa-8cef-6783296a5afa]: FINISHING"}}
[debug] [2022-05-25T14:46:14.875Z] Validating nodejs source
[debug] [2022-05-25T14:46:21.471Z] > [functions] package.json contents: {
  "name": "time-server-functions",
  "description": "A simple time server using HTTPS Cloud Function",
  "dependencies": {
    "cors": "^2.8.5",
    "moment": "^2.24.0",
    "firebase-admin": "^10.2.0",
    "firebase-functions": "^3.21.0"
  },
  "devDependencies": {
    "eslint": "^6.8.0",
    "eslint-plugin-promise": "^4.2.1"
  },
  "scripts": {
    "lint": "./node_modules/.bin/eslint --max-warnings=0 .",
    "serve": "firebase emulators:start --only functions",
    "shell": "firebase functions:shell",
    "start": "npm run shell",
    "deploy": "firebase deploy --only functions",
    "logs": "firebase functions:log",
    "compile": "cp ../../../tsconfig.template.json ./tsconfig-compile.json && tsc --project tsconfig-compile.json"
  },
  "engines": {
    "node": "16"
  },
  "private": true
}
[debug] [2022-05-25T14:46:21.471Z] Building nodejs source
[debug] [2022-05-25T14:46:21.471Z] Analyzing nodejs backend spec
[debug] [2022-05-25T14:46:21.474Z] [worker-us-central1-POSTInfo-1bd94afb-0f91-48fa-8cef-6783296a5afa]: exited {"metadata":{"emulator":{"name":"functions"},"message":"[worker-us-central1-POSTInfo-1bd94afb-0f91-48fa-8cef-6783296a5afa]: exited"}}
[debug] [2022-05-25T14:46:21.474Z] [worker-us-central1-POSTInfo-1bd94afb-0f91-48fa-8cef-6783296a5afa]: FINISHED {"metadata":{"emulator":{"name":"functions"},"message":"[worker-us-central1-POSTInfo-1bd94afb-0f91-48fa-8cef-6783296a5afa]: FINISHED"}}
[debug] [2022-05-25T14:46:21.476Z] [work-queue] {"queueLength":1,"workRunningCount":0}
[debug] [2022-05-25T14:46:21.477Z] [work-queue] {"queueLength":0,"workRunningCount":1}
[debug] [2022-05-25T14:46:21.477Z] Accepted request POST /scmu-45836/us-central1/POSTInfo --> us-central1-POSTInfo
[debug] [2022-05-25T14:46:21.477Z] [worker-pool] Cleaned up workers for us-central1-POSTInfo: 1 --> 0 {"metadata":{"emulator":{"name":"functions"},"message":"[worker-pool] Cleaned up workers for us-central1-POSTInfo: 1 --> 0"}}
[debug] [2022-05-25T14:46:21.489Z] [worker-pool] addWorker(us-central1-POSTInfo) {"metadata":{"emulator":{"name":"functions"},"message":"[worker-pool] addWorker(us-central1-POSTInfo)"}}
[debug] [2022-05-25T14:46:21.490Z] [worker-pool] Adding worker with key us-central1-POSTInfo, total=1 {"metadata":{"emulator":{"name":"functions"},"message":"[worker-pool] Adding worker with key us-central1-POSTInfo, total=1"}}
[debug] [2022-05-25T14:46:21.490Z] [worker-pool] submitWork(triggerId=us-central1-POSTInfo) {"metadata":{"emulator":{"name":"functions"},"message":"[worker-pool] submitWork(triggerId=us-central1-POSTInfo)"}}
[debug] [2022-05-25T14:46:21.490Z] [worker-us-central1-POSTInfo-0cb354e4-2b16-4f38-9a47-ee9377cf8742]: Assigning socketPath: \\?\pipe\C:\Users\Manuel Soares\Documents\SCMU-proj\proj\SCMU-proj\API\functions\9948 {"metadata":{"emulator":{"name":"functions"},"message":"[worker-us-central1-POSTInfo-0cb354e4-2b16-4f38-9a47-ee9377cf8742]: Assigning socketPath: \\\\?\\pipe\\C:\\Users\\Manuel Soares\\Documents\\SCMU-proj\\proj\\SCMU-proj\\API\\functions\\9948"}}
[debug] [2022-05-25T14:46:21.491Z] [worker-us-central1-POSTInfo-0cb354e4-2b16-4f38-9a47-ee9377cf8742]: BUSY {"metadata":{"emulator":{"name":"functions"},"message":"[worker-us-central1-POSTInfo-0cb354e4-2b16-4f38-9a47-ee9377cf8742]: BUSY"}}
[debug] [2022-05-25T14:46:21.491Z] Could not find functions.yaml. Must use http discovery
[debug] [2022-05-25T14:46:22.094Z] Serving at port 9005

[debug] [2022-05-25T14:46:22.793Z] Got response from /__/functions.yaml {"endpoints":{"POSTInfo":{"platform":"gcfv1","httpsTrigger":{},"entryPoint":"POSTInfo"},"GETSleep":{"platform":"gcfv1","httpsTrigger":{},"entryPoint":"GETSleep"}},"specVersion":"v1alpha1","requiredAPIs":[]}
[debug] [2022-05-25T14:46:22.802Z] shutdown requested via /__/quitquitquit

[debug] [2022-05-25T14:46:25.698Z] [runtime-status] [9948] Functions runtime initialized. {"cwd":"C:\\Users\\Manuel Soares\\Documents\\SCMU-proj\\proj\\SCMU-proj\\API\\functions","node_version":"16.15.0"} {"metadata":{"emulator":{"name":"functions"},"function":{"name":"us-central1-POSTInfo"},"extension":{},"message":"[runtime-status] [9948] Functions runtime initialized. {\"cwd\":\"C:\\\\Users\\\\Manuel Soares\\\\Documents\\\\SCMU-proj\\\\proj\\\\SCMU-proj\\\\API\\\\functions\",\"node_version\":\"16.15.0\"}"}}
[debug] [2022-05-25T14:46:25.702Z] [runtime-status] [9948] Disabled runtime features: undefined {"metadata":{"emulator":{"name":"functions"},"function":{"name":"us-central1-POSTInfo"},"extension":{},"message":"[runtime-status] [9948] Disabled runtime features: undefined"}}
[debug] [2022-05-25T14:46:25.710Z] [runtime-status] [9948] Resolved module firebase-admin {"declared":true,"installed":true,"version":"10.2.0","resolution":"C:\\Users\\Manuel Soares\\Documents\\SCMU-proj\\proj\\SCMU-proj\\API\\functions\\node_modules\\firebase-admin\\lib\\index.js"} {"metadata":{"emulator":{"name":"functions"},"function":{"name":"us-central1-POSTInfo"},"extension":{},"message":"[runtime-status] [9948] Resolved module firebase-admin {\"declared\":true,\"installed\":true,\"version\":\"10.2.0\",\"resolution\":\"C:\\\\Users\\\\Manuel Soares\\\\Documents\\\\SCMU-proj\\\\proj\\\\SCMU-proj\\\\API\\\\functions\\\\node_modules\\\\firebase-admin\\\\lib\\\\index.js\"}"}}
[debug] [2022-05-25T14:46:25.714Z] [runtime-status] [9948] Resolved module firebase-functions {"declared":true,"installed":true,"version":"3.21.2","resolution":"C:\\Users\\Manuel Soares\\Documents\\SCMU-proj\\proj\\SCMU-proj\\API\\functions\\node_modules\\firebase-functions\\lib\\index.js"} {"metadata":{"emulator":{"name":"functions"},"function":{"name":"us-central1-POSTInfo"},"extension":{},"message":"[runtime-status] [9948] Resolved module firebase-functions {\"declared\":true,\"installed\":true,\"version\":\"3.21.2\",\"resolution\":\"C:\\\\Users\\\\Manuel Soares\\\\Documents\\\\SCMU-proj\\\\proj\\\\SCMU-proj\\\\API\\\\functions\\\\node_modules\\\\firebase-functions\\\\lib\\\\index.js\"}"}}
[debug] [2022-05-25T14:46:25.715Z] [runtime-status] [9948] Outgoing network have been stubbed. [{"name":"http","status":"mocked"},{"name":"http","status":"mocked"},{"name":"https","status":"mocked"},{"name":"https","status":"mocked"},{"name":"net","status":"mocked"}] {"metadata":{"emulator":{"name":"functions"},"function":{"name":"us-central1-POSTInfo"},"extension":{},"message":"[runtime-status] [9948] Outgoing network have been stubbed. [{\"name\":\"http\",\"status\":\"mocked\"},{\"name\":\"http\",\"status\":\"mocked\"},{\"name\":\"https\",\"status\":\"mocked\"},{\"name\":\"https\",\"status\":\"mocked\"},{\"name\":\"net\",\"status\":\"mocked\"}]"}}
[debug] [2022-05-25T14:46:25.717Z] [runtime-status] [9948] Resolved module firebase-functions {"declared":true,"installed":true,"version":"3.21.2","resolution":"C:\\Users\\Manuel Soares\\Documents\\SCMU-proj\\proj\\SCMU-proj\\API\\functions\\node_modules\\firebase-functions\\lib\\index.js"} {"metadata":{"emulator":{"name":"functions"},"function":{"name":"us-central1-POSTInfo"},"extension":{},"message":"[runtime-status] [9948] Resolved module firebase-functions {\"declared\":true,\"installed\":true,\"version\":\"3.21.2\",\"resolution\":\"C:\\\\Users\\\\Manuel Soares\\\\Documents\\\\SCMU-proj\\\\proj\\\\SCMU-proj\\\\API\\\\functions\\\\node_modules\\\\firebase-functions\\\\lib\\\\index.js\"}"}}
[debug] [2022-05-25T14:46:25.838Z] [runtime-status] [9948] Checked functions.config() {"config":{}} {"metadata":{"emulator":{"name":"functions"},"function":{"name":"us-central1-POSTInfo"},"extension":{},"message":"[runtime-status] [9948] Checked functions.config() {\"config\":{}}"}}
[debug] [2022-05-25T14:46:25.839Z] [runtime-status] [9948] firebase-functions has been stubbed. {"functionsResolution":{"declared":true,"installed":true,"version":"3.21.2","resolution":"C:\\Users\\Manuel Soares\\Documents\\SCMU-proj\\proj\\SCMU-proj\\API\\functions\\node_modules\\firebase-functions\\lib\\index.js"}} {"metadata":{"emulator":{"name":"functions"},"function":{"name":"us-central1-POSTInfo"},"extension":{},"message":"[runtime-status] [9948] firebase-functions has been stubbed. {\"functionsResolution\":{\"declared\":true,\"installed\":true,\"version\":\"3.21.2\",\"resolution\":\"C:\\\\Users\\\\Manuel Soares\\\\Documents\\\\SCMU-proj\\\\proj\\\\SCMU-proj\\\\API\\\\functions\\\\node_modules\\\\firebase-functions\\\\lib\\\\index.js\"}}"}}
[debug] [2022-05-25T14:46:25.841Z] [runtime-status] [9948] Resolved module firebase-functions {"declared":true,"installed":true,"version":"3.21.2","resolution":"C:\\Users\\Manuel Soares\\Documents\\SCMU-proj\\proj\\SCMU-proj\\API\\functions\\node_modules\\firebase-functions\\lib\\index.js"} {"metadata":{"emulator":{"name":"functions"},"function":{"name":"us-central1-POSTInfo"},"extension":{},"message":"[runtime-status] [9948] Resolved module firebase-functions {\"declared\":true,\"installed\":true,\"version\":\"3.21.2\",\"resolution\":\"C:\\\\Users\\\\Manuel Soares\\\\Documents\\\\SCMU-proj\\\\proj\\\\SCMU-proj\\\\API\\\\functions\\\\node_modules\\\\firebase-functions\\\\lib\\\\index.js\"}"}}
[debug] [2022-05-25T14:46:25.845Z] [runtime-status] [9948] Resolved module firebase-admin {"declared":true,"installed":true,"version":"10.2.0","resolution":"C:\\Users\\Manuel Soares\\Documents\\SCMU-proj\\proj\\SCMU-proj\\API\\functions\\node_modules\\firebase-admin\\lib\\index.js"} {"metadata":{"emulator":{"name":"functions"},"function":{"name":"us-central1-POSTInfo"},"extension":{},"message":"[runtime-status] [9948] Resolved module firebase-admin {\"declared\":true,\"installed\":true,\"version\":\"10.2.0\",\"resolution\":\"C:\\\\Users\\\\Manuel Soares\\\\Documents\\\\SCMU-proj\\\\proj\\\\SCMU-proj\\\\API\\\\functions\\\\node_modules\\\\firebase-admin\\\\lib\\\\index.js\"}"}}
[debug] [2022-05-25T14:46:25.847Z] [runtime-status] [9948] Resolved module firebase-functions {"declared":true,"installed":true,"version":"3.21.2","resolution":"C:\\Users\\Manuel Soares\\Documents\\SCMU-proj\\proj\\SCMU-proj\\API\\functions\\node_modules\\firebase-functions\\lib\\index.js"} {"metadata":{"emulator":{"name":"functions"},"function":{"name":"us-central1-POSTInfo"},"extension":{},"message":"[runtime-status] [9948] Resolved module firebase-functions {\"declared\":true,\"installed\":true,\"version\":\"3.21.2\",\"resolution\":\"C:\\\\Users\\\\Manuel Soares\\\\Documents\\\\SCMU-proj\\\\proj\\\\SCMU-proj\\\\API\\\\functions\\\\node_modules\\\\firebase-functions\\\\lib\\\\index.js\"}"}}
[debug] [2022-05-25T14:46:25.847Z] [runtime-status] [9948] firebase-admin has been stubbed. {"adminResolution":{"declared":true,"installed":true,"version":"10.2.0","resolution":"C:\\Users\\Manuel Soares\\Documents\\SCMU-proj\\proj\\SCMU-proj\\API\\functions\\node_modules\\firebase-admin\\lib\\index.js"}} {"metadata":{"emulator":{"name":"functions"},"function":{"name":"us-central1-POSTInfo"},"extension":{},"message":"[runtime-status] [9948] firebase-admin has been stubbed. {\"adminResolution\":{\"declared\":true,\"installed\":true,\"version\":\"10.2.0\",\"resolution\":\"C:\\\\Users\\\\Manuel Soares\\\\Documents\\\\SCMU-proj\\\\proj\\\\SCMU-proj\\\\API\\\\functions\\\\node_modules\\\\firebase-admin\\\\lib\\\\index.js\"}}"}}
[debug] [2022-05-25T14:46:26.140Z] [runtime-status] [9948] initializeApp(DEFAULT) {"storageBucket":"scmu-45836.appspot.com","databaseURL":"https://scmu-45836-default-rtdb.europe-west1.firebasedatabase.app","projectId":"scmu-45836"} {"metadata":{"emulator":{"name":"functions"},"function":{"name":"us-central1-POSTInfo"},"extension":{},"message":"[runtime-status] [9948] initializeApp(DEFAULT) {\"storageBucket\":\"scmu-45836.appspot.com\",\"databaseURL\":\"https://scmu-45836-default-rtdb.europe-west1.firebasedatabase.app\",\"projectId\":\"scmu-45836\"}"}}
[debug] [2022-05-25T14:46:26.464Z] [runtime-status] [9948] Beginning invocation function POSTInfo! {"metadata":{"emulator":{"name":"functions"},"function":{"name":"us-central1-POSTInfo"},"extension":{},"message":"[runtime-status] [9948] Beginning invocation function POSTInfo!"}}
[info] i  functions: Beginning execution of "POSTInfo" {"metadata":{"emulator":{"name":"functions"},"function":{"name":"us-central1-POSTInfo"},"extension":{},"message":"Beginning execution of \"POSTInfo\""}}
[debug] [2022-05-25T14:46:26.466Z] [runtime-status] [9948] Running POSTInfo in signature http {"metadata":{"emulator":{"name":"functions"},"function":{"name":"us-central1-POSTInfo"},"extension":{},"message":"[runtime-status] [9948] Running POSTInfo in signature http"}}
[debug] [2022-05-25T14:46:26.477Z] [runtime-status] [9948] Attempting to listen to socketPath: \\?\pipe\C:\Users\Manuel Soares\Documents\SCMU-proj\proj\SCMU-proj\API\functions\9948 {"metadata":{"emulator":{"name":"functions"},"function":{"name":"us-central1-POSTInfo"},"extension":{},"message":"[runtime-status] [9948] Attempting to listen to socketPath: \\\\?\\pipe\\C:\\Users\\Manuel Soares\\Documents\\SCMU-proj\\proj\\SCMU-proj\\API\\functions\\9948"}}
[debug] [2022-05-25T14:46:26.486Z] [functions] Runtime ready! Sending request! {"metadata":{"emulator":{"name":"functions"},"message":"[functions] Runtime ready! Sending request!"}}
[debug] [2022-05-25T14:46:26.486Z] [functions] Got req.url=/scmu-45836/us-central1/POSTInfo, mapping to path=/ {"metadata":{"emulator":{"name":"functions"},"message":"[functions] Got req.url=/scmu-45836/us-central1/POSTInfo, mapping to path=/"}}
[debug] [2022-05-25T14:46:26.543Z] [runtime-status] [9948] Ephemeral server handling POST request {"metadata":{"emulator":{"name":"functions"},"function":{"name":"us-central1-POSTInfo"},"extension":{},"message":"[runtime-status] [9948] Ephemeral server handling POST request"}}
[warn] !  Google API requested!
   - URL: "https://oauth2.googleapis.com/token"
   - Be careful, this may be a production service. {"metadata":{"emulator":{"name":"functions"},"function":{"name":"us-central1-POSTInfo"},"extension":{},"message":"Google API requested!\n   - URL: \"https://oauth2.googleapis.com/token\"\n   - Be careful, this may be a production service."}}
[info] >  QuerySnapshot { {"user":"QuerySnapshot {","metadata":{"emulator":{"name":"functions"},"function":{"name":"us-central1-POSTInfo"},"extension":{},"message":"\u001b[90m> \u001b[39m QuerySnapshot {"}}
[info] >    _query: Query { {"user":"  _query: Query {","metadata":{"emulator":{"name":"functions"},"function":{"name":"us-central1-POSTInfo"},"extension":{},"message":"\u001b[90m> \u001b[39m   _query: Query {"}}
[info] >      _firestore: Firestore { {"user":"    _firestore: Firestore {","metadata":{"emulator":{"name":"functions"},"function":{"name":"us-central1-POSTInfo"},"extension":{},"message":"\u001b[90m> \u001b[39m     _firestore: Firestore {"}}
[info] >        _settings: [Object], {"user":"      _settings: [Object],","metadata":{"emulator":{"name":"functions"},"function":{"name":"us-central1-POSTInfo"},"extension":{},"message":"\u001b[90m> \u001b[39m       _settings: [Object],"}}
[info] >        _settingsFrozen: true, {"user":"      _settingsFrozen: true,","metadata":{"emulator":{"name":"functions"},"function":{"name":"us-central1-POSTInfo"},"extension":{},"message":"\u001b[90m> \u001b[39m       _settingsFrozen: true,"}}
[info] >        _serializer: [Serializer], {"user":"      _serializer: [Serializer],","metadata":{"emulator":{"name":"functions"},"function":{"name":"us-central1-POSTInfo"},"extension":{},"message":"\u001b[90m> \u001b[39m       _serializer: [Serializer],"}}
[info] >        _projectId: 'scmu-45836', {"user":"      _projectId: 'scmu-45836',","metadata":{"emulator":{"name":"functions"},"function":{"name":"us-central1-POSTInfo"},"extension":{},"message":"\u001b[90m> \u001b[39m       _projectId: 'scmu-45836',"}}
[info] >        registeredListenersCount: 0, {"user":"      registeredListenersCount: 0,","metadata":{"emulator":{"name":"functions"},"function":{"name":"us-central1-POSTInfo"},"extension":{},"message":"\u001b[90m> \u001b[39m       registeredListenersCount: 0,"}}
[info] >        bulkWritersCount: 0, {"user":"      bulkWritersCount: 0,","metadata":{"emulator":{"name":"functions"},"function":{"name":"us-central1-POSTInfo"},"extension":{},"message":"\u001b[90m> \u001b[39m       bulkWritersCount: 0,"}}
[info] >        _backoffSettings: [Object], {"user":"      _backoffSettings: [Object],","metadata":{"emulator":{"name":"functions"},"function":{"name":"us-central1-POSTInfo"},"extension":{},"message":"\u001b[90m> \u001b[39m       _backoffSettings: [Object],"}}
[info] >        _clientPool: [ClientPool] {"user":"      _clientPool: [ClientPool]","metadata":{"emulator":{"name":"functions"},"function":{"name":"us-central1-POSTInfo"},"extension":{},"message":"\u001b[90m> \u001b[39m       _clientPool: [ClientPool]"}}
[info] >      }, {"user":"    },","metadata":{"emulator":{"name":"functions"},"function":{"name":"us-central1-POSTInfo"},"extension":{},"message":"\u001b[90m> \u001b[39m     },"}}
[info] >      _queryOptions: QueryOptions { {"user":"    _queryOptions: QueryOptions {","metadata":{"emulator":{"name":"functions"},"function":{"name":"us-central1-POSTInfo"},"extension":{},"message":"\u001b[90m> \u001b[39m     _queryOptions: QueryOptions {"}}
[info] >        parentPath: [ResourcePath], {"user":"      parentPath: [ResourcePath],","metadata":{"emulator":{"name":"functions"},"function":{"name":"us-central1-POSTInfo"},"extension":{},"message":"\u001b[90m> \u001b[39m       parentPath: [ResourcePath],"}}
[info] >        collectionId: 'sleepInfo', {"user":"      collectionId: 'sleepInfo',","metadata":{"emulator":{"name":"functions"},"function":{"name":"us-central1-POSTInfo"},"extension":{},"message":"\u001b[90m> \u001b[39m       collectionId: 'sleepInfo',"}}
[info] >        converter: [Object], {"user":"      converter: [Object],","metadata":{"emulator":{"name":"functions"},"function":{"name":"us-central1-POSTInfo"},"extension":{},"message":"\u001b[90m> \u001b[39m       converter: [Object],"}}
[info] >        allDescendants: false, {"user":"      allDescendants: false,","metadata":{"emulator":{"name":"functions"},"function":{"name":"us-central1-POSTInfo"},"extension":{},"message":"\u001b[90m> \u001b[39m       allDescendants: false,"}}
[info] >        fieldFilters: [Array], {"user":"      fieldFilters: [Array],","metadata":{"emulator":{"name":"functions"},"function":{"name":"us-central1-POSTInfo"},"extension":{},"message":"\u001b[90m> \u001b[39m       fieldFilters: [Array],"}}
[info] >        fieldOrders: [], {"user":"      fieldOrders: [],","metadata":{"emulator":{"name":"functions"},"function":{"name":"us-central1-POSTInfo"},"extension":{},"message":"\u001b[90m> \u001b[39m       fieldOrders: [],"}}
[info] >        startAt: undefined, {"user":"      startAt: undefined,","metadata":{"emulator":{"name":"functions"},"function":{"name":"us-central1-POSTInfo"},"extension":{},"message":"\u001b[90m> \u001b[39m       startAt: undefined,"}}
[info] >        endAt: undefined, {"user":"      endAt: undefined,","metadata":{"emulator":{"name":"functions"},"function":{"name":"us-central1-POSTInfo"},"extension":{},"message":"\u001b[90m> \u001b[39m       endAt: undefined,"}}
[info] >        limit: undefined, {"user":"      limit: undefined,","metadata":{"emulator":{"name":"functions"},"function":{"name":"us-central1-POSTInfo"},"extension":{},"message":"\u001b[90m> \u001b[39m       limit: undefined,"}}
[info] >        limitType: undefined, {"user":"      limitType: undefined,","metadata":{"emulator":{"name":"functions"},"function":{"name":"us-central1-POSTInfo"},"extension":{},"message":"\u001b[90m> \u001b[39m       limitType: undefined,"}}
[info] >        offset: undefined, {"user":"      offset: undefined,","metadata":{"emulator":{"name":"functions"},"function":{"name":"us-central1-POSTInfo"},"extension":{},"message":"\u001b[90m> \u001b[39m       offset: undefined,"}}
[info] >        projection: undefined, {"user":"      projection: undefined,","metadata":{"emulator":{"name":"functions"},"function":{"name":"us-central1-POSTInfo"},"extension":{},"message":"\u001b[90m> \u001b[39m       projection: undefined,"}}
[info] >        kindless: false, {"user":"      kindless: false,","metadata":{"emulator":{"name":"functions"},"function":{"name":"us-central1-POSTInfo"},"extension":{},"message":"\u001b[90m> \u001b[39m       kindless: false,"}}
[info] >        requireConsistency: true {"user":"      requireConsistency: true","metadata":{"emulator":{"name":"functions"},"function":{"name":"us-central1-POSTInfo"},"extension":{},"message":"\u001b[90m> \u001b[39m       requireConsistency: true"}}
[info] >      }, {"user":"    },","metadata":{"emulator":{"name":"functions"},"function":{"name":"us-central1-POSTInfo"},"extension":{},"message":"\u001b[90m> \u001b[39m     },"}}
[info] >      _serializer: Serializer { {"user":"    _serializer: Serializer {","metadata":{"emulator":{"name":"functions"},"function":{"name":"us-central1-POSTInfo"},"extension":{},"message":"\u001b[90m> \u001b[39m     _serializer: Serializer {"}}
[info] >        createReference: [Function (anonymous)], {"user":"      createReference: [Function (anonymous)],","metadata":{"emulator":{"name":"functions"},"function":{"name":"us-central1-POSTInfo"},"extension":{},"message":"\u001b[90m> \u001b[39m       createReference: [Function (anonymous)],"}}
[info] >        createInteger: [Function (anonymous)], {"user":"      createInteger: [Function (anonymous)],","metadata":{"emulator":{"name":"functions"},"function":{"name":"us-central1-POSTInfo"},"extension":{},"message":"\u001b[90m> \u001b[39m       createInteger: [Function (anonymous)],"}}
[info] >        allowUndefined: false {"user":"      allowUndefined: false","metadata":{"emulator":{"name":"functions"},"function":{"name":"us-central1-POSTInfo"},"extension":{},"message":"\u001b[90m> \u001b[39m       allowUndefined: false"}}
[info] >      }, {"user":"    },","metadata":{"emulator":{"name":"functions"},"function":{"name":"us-central1-POSTInfo"},"extension":{},"message":"\u001b[90m> \u001b[39m     },"}}
[info] >      _allowUndefined: false {"user":"    _allowUndefined: false","metadata":{"emulator":{"name":"functions"},"function":{"name":"us-central1-POSTInfo"},"extension":{},"message":"\u001b[90m> \u001b[39m     _allowUndefined: false"}}
[info] >    }, {"user":"  },","metadata":{"emulator":{"name":"functions"},"function":{"name":"us-central1-POSTInfo"},"extension":{},"message":"\u001b[90m> \u001b[39m   },"}}
[info] >    _readTime: Timestamp { _seconds: 1653489988, _nanoseconds: 190742000 }, {"user":"  _readTime: Timestamp { _seconds: 1653489988, _nanoseconds: 190742000 },","metadata":{"emulator":{"name":"functions"},"function":{"name":"us-central1-POSTInfo"},"extension":{},"message":"\u001b[90m> \u001b[39m   _readTime: Timestamp { _seconds: 1653489988, _nanoseconds: 190742000 },"}}
[info] >    _size: 1, {"user":"  _size: 1,","metadata":{"emulator":{"name":"functions"},"function":{"name":"us-central1-POSTInfo"},"extension":{},"message":"\u001b[90m> \u001b[39m   _size: 1,"}}
[info] >    _materializedDocs: null, {"user":"  _materializedDocs: null,","metadata":{"emulator":{"name":"functions"},"function":{"name":"us-central1-POSTInfo"},"extension":{},"message":"\u001b[90m> \u001b[39m   _materializedDocs: null,"}}
[info] >    _materializedChanges: null, {"user":"  _materializedChanges: null,","metadata":{"emulator":{"name":"functions"},"function":{"name":"us-central1-POSTInfo"},"extension":{},"message":"\u001b[90m> \u001b[39m   _materializedChanges: null,"}}
[info] >    _docs: [Function (anonymous)], {"user":"  _docs: [Function (anonymous)],","metadata":{"emulator":{"name":"functions"},"function":{"name":"us-central1-POSTInfo"},"extension":{},"message":"\u001b[90m> \u001b[39m   _docs: [Function (anonymous)],"}}
[info] >    _changes: [Function (anonymous)] {"user":"  _changes: [Function (anonymous)]","metadata":{"emulator":{"name":"functions"},"function":{"name":"us-central1-POSTInfo"},"extension":{},"message":"\u001b[90m> \u001b[39m   _changes: [Function (anonymous)]"}}
[info] >  } {"user":"}","metadata":{"emulator":{"name":"functions"},"function":{"name":"us-central1-POSTInfo"},"extension":{},"message":"\u001b[90m> \u001b[39m }"}}
[info] >  24 - day {"user":"24 - day","metadata":{"emulator":{"name":"functions"},"function":{"name":"us-central1-POSTInfo"},"extension":{},"message":"\u001b[90m> \u001b[39m 24 - day"}}
[info] i  functions: Finished "POSTInfo" in ~1s {"metadata":{"emulator":{"name":"functions"},"function":{"name":"us-central1-POSTInfo"},"extension":{},"message":"Finished \"POSTInfo\" in ~1s"}}
[debug] [2022-05-25T14:46:28.103Z] [worker-us-central1-POSTInfo-0cb354e4-2b16-4f38-9a47-ee9377cf8742]: IDLE {"metadata":{"emulator":{"name":"functions"},"message":"[worker-us-central1-POSTInfo-0cb354e4-2b16-4f38-9a47-ee9377cf8742]: IDLE"}}
[debug] [2022-05-25T14:46:28.104Z] [work-queue] {"queueLength":0,"workRunningCount":0}
[debug] [2022-05-25T14:46:28.160Z] [runtime-status] [9948] Ephemeral server survived. {"metadata":{"emulator":{"name":"functions"},"function":{"name":"us-central1-POSTInfo"},"extension":{},"message":"[runtime-status] [9948] Ephemeral server survived."}}
